{"/Users/joel/Workspace/purescript-huffman/output/Test.Main/index.js":{"path":"/Users/joel/Workspace/purescript-huffman/output/Test.Main/index.js","statementMap":{"0":{"start":{"line":3,"column":28},"end":{"line":3,"column":72}},"1":{"start":{"line":4,"column":29},"end":{"line":4,"column":74}},"2":{"start":{"line":5,"column":26},"end":{"line":5,"column":68}},"3":{"start":{"line":6,"column":30},"end":{"line":6,"column":76}},"4":{"start":{"line":7,"column":26},"end":{"line":7,"column":68}},"5":{"start":{"line":8,"column":24},"end":{"line":8,"column":64}},"6":{"start":{"line":9,"column":27},"end":{"line":9,"column":70}},"7":{"start":{"line":10,"column":29},"end":{"line":10,"column":74}},"8":{"start":{"line":11,"column":11},"end":{"line":20,"column":1}},"9":{"start":{"line":12,"column":4},"end":{"line":12,"column":41}},"10":{"start":{"line":13,"column":4},"end":{"line":13,"column":37}},"11":{"start":{"line":14,"column":4},"end":{"line":14,"column":41}},"12":{"start":{"line":15,"column":4},"end":{"line":15,"column":45}},"13":{"start":{"line":16,"column":4},"end":{"line":16,"column":39}},"14":{"start":{"line":17,"column":4},"end":{"line":17,"column":33}},"15":{"start":{"line":18,"column":4},"end":{"line":18,"column":43}},"16":{"start":{"line":19,"column":4},"end":{"line":19,"column":44}},"17":{"start":{"line":21,"column":0},"end":{"line":23,"column":2}}},"fnMap":{"0":{"name":"__do","decl":{"start":{"line":11,"column":20},"end":{"line":11,"column":24}},"loc":{"start":{"line":11,"column":27},"end":{"line":20,"column":1}},"line":11}},"branchMap":{},"s":{"0":1,"1":1,"2":1,"3":1,"4":1,"5":1,"6":1,"7":1,"8":1,"9":1,"10":1,"11":1,"12":1,"13":1,"14":1,"15":1,"16":1,"17":1},"f":{"0":1},"b":{},"inputSourceMap":{"mappings":";;AAAA;AAAA;AAAA;AAAA;AAAA;AAAA;AAAA;AAAA;AAaA,WAEE","sources":["../../test/Main.purs"],"names":[],"version":3,"file":"index.js"},"_coverageSchema":"1a1c01bbd47fc00a2c39e90264f33305004495a9","hash":"d5dbde7454eb87fff3bb4cf7556e7cf90fce2009","contentHash":"4415404225100a9d79a7e7fb67c7f5fc4c2fea92e15869db6f04e01ec7f72292"},"/Users/joel/Workspace/purescript-huffman/output/Test.Huffman.Alphabet/index.js":{"path":"/Users/joel/Workspace/purescript-huffman/output/Test.Huffman.Alphabet/index.js","statementMap":{"0":{"start":{"line":3,"column":14},"end":{"line":3,"column":44}},"1":{"start":{"line":4,"column":20},"end":{"line":4,"column":56}},"2":{"start":{"line":5,"column":15},"end":{"line":5,"column":46}},"3":{"start":{"line":6,"column":16},"end":{"line":6,"column":48}},"4":{"start":{"line":7,"column":23},"end":{"line":7,"column":62}},"5":{"start":{"line":8,"column":21},"end":{"line":8,"column":58}},"6":{"start":{"line":9,"column":18},"end":{"line":9,"column":52}},"7":{"start":{"line":10,"column":19},"end":{"line":23,"column":1}},"8":{"start":{"line":11,"column":4},"end":{"line":14,"column":9}},"9":{"start":{"line":15,"column":4},"end":{"line":18,"column":9}},"10":{"start":{"line":19,"column":4},"end":{"line":22,"column":9}},"11":{"start":{"line":24,"column":0},"end":{"line":26,"column":2}}},"fnMap":{"0":{"name":"__do","decl":{"start":{"line":10,"column":28},"end":{"line":10,"column":32}},"loc":{"start":{"line":10,"column":35},"end":{"line":23,"column":1}},"line":10}},"branchMap":{},"s":{"0":1,"1":1,"2":1,"3":1,"4":1,"5":1,"6":1,"7":1,"8":1,"9":1,"10":1,"11":1},"f":{"0":1},"b":{},"inputSourceMap":{"mappings":";;AAAA;AAAA;AAAA;AAAA;AAAA;AAAA;AAAA;AASA,mBAEE;wFACE;4CAAqB;yHACe,EAAE,KAAY,KAAY;;wFAG9D;4CAAqB;yHACe,EAAE;;2EAGtC;0FAA4B;kBAChB","sources":["../../test/Huffman/Alphabet.purs"],"names":[],"version":3,"file":"index.js"},"_coverageSchema":"1a1c01bbd47fc00a2c39e90264f33305004495a9","hash":"0ecdd434fad10de0dfbb4999b6142663410dd3bc","contentHash":"a695f339f153cccd306f08df9790bb18aa36eac0c4d35c6f790f3915016052ca"},"/Users/joel/Workspace/purescript-huffman/output/Record.Unsafe/index.js":{"path":"/Users/joel/Workspace/purescript-huffman/output/Record.Unsafe/index.js","statementMap":{"0":{"start":{"line":3,"column":15},"end":{"line":3,"column":38}},"1":{"start":{"line":4,"column":0},"end":{"line":9,"column":2}}},"fnMap":{},"branchMap":{},"s":{"0":1,"1":1},"f":{},"b":{},"inputSourceMap":{"mappings":"","sources":[],"names":[],"version":3,"file":"index.js"},"_coverageSchema":"1a1c01bbd47fc00a2c39e90264f33305004495a9","hash":"83399cff072b0a5521dacaa43c43c7424b28886b","contentHash":"6a942da617400c3f78738c6a372e2b5d83932a054c1be1aefba3441e1ceb151c"},"/Users/joel/Workspace/purescript-huffman/output/Type.Data.RowList/index.js":{"path":"/Users/joel/Workspace/purescript-huffman/output/Type.Data.RowList/index.js","statementMap":{"0":{"start":{"line":3,"column":14},"end":{"line":9,"column":4}},"1":{"start":{"line":7,"column":4},"end":{"line":7,"column":34}},"2":{"start":{"line":8,"column":4},"end":{"line":8,"column":19}},"3":{"start":{"line":10,"column":0},"end":{"line":12,"column":2}}},"fnMap":{"0":{"name":"(anonymous_0)","decl":{"start":{"line":3,"column":15},"end":{"line":3,"column":16}},"loc":{"start":{"line":3,"column":27},"end":{"line":9,"column":1}},"line":3},"1":{"name":"RLProxy","decl":{"start":{"line":4,"column":13},"end":{"line":4,"column":20}},"loc":{"start":{"line":4,"column":23},"end":{"line":6,"column":5}},"line":4}},"branchMap":{},"s":{"0":1,"1":1,"2":1,"3":1},"f":{"0":1,"1":1},"b":{},"inputSourceMap":{"mappings":";;AAOA","sources":["../../.spago/prelude/v4.1.1/src/Type/Data/RowList.purs"],"names":[],"version":3,"file":"index.js"},"_coverageSchema":"1a1c01bbd47fc00a2c39e90264f33305004495a9","hash":"6e55f51d169fbb41db67b8a8f5fab913aafb945a","contentHash":"c6f857a68fbd915bbf8c26c06ebae3f77717cf8e752a02899a25c12130195c88"},"/Users/joel/Workspace/purescript-huffman/output/Control.Alt/index.js":{"path":"/Users/joel/Workspace/purescript-huffman/output/Control.Alt/index.js","statementMap":{"0":{"start":{"line":3,"column":19},"end":{"line":3,"column":54}},"1":{"start":{"line":4,"column":21},"end":{"line":4,"column":58}},"2":{"start":{"line":5,"column":10},"end":{"line":8,"column":1}},"3":{"start":{"line":6,"column":4},"end":{"line":6,"column":29}},"4":{"start":{"line":7,"column":4},"end":{"line":7,"column":19}},"5":{"start":{"line":9,"column":15},"end":{"line":11,"column":56}},"6":{"start":{"line":10,"column":4},"end":{"line":10,"column":37}},"7":{"start":{"line":12,"column":10},"end":{"line":14,"column":1}},"8":{"start":{"line":13,"column":4},"end":{"line":13,"column":20}},"9":{"start":{"line":15,"column":0},"end":{"line":19,"column":2}}},"fnMap":{"0":{"name":"(anonymous_0)","decl":{"start":{"line":5,"column":10},"end":{"line":5,"column":11}},"loc":{"start":{"line":5,"column":35},"end":{"line":8,"column":1}},"line":5},"1":{"name":"(anonymous_1)","decl":{"start":{"line":9,"column":23},"end":{"line":9,"column":24}},"loc":{"start":{"line":9,"column":35},"end":{"line":11,"column":1}},"line":9},"2":{"name":"(anonymous_2)","decl":{"start":{"line":12,"column":10},"end":{"line":12,"column":11}},"loc":{"start":{"line":12,"column":26},"end":{"line":14,"column":1}},"line":12}},"branchMap":{},"s":{"0":1,"1":1,"2":1,"3":10,"4":10,"5":1,"6":0,"7":1,"8":0,"9":1},"f":{"0":10,"1":0,"2":0},"b":{},"inputSourceMap":{"mappings":";;AAAA;AAAA;AAoBA,UAAA;;;;AAKA,uBAAA;;;AAJE,UAAA;WAAA","sources":["../../.spago/control/v4.2.0/src/Control/Alt.purs"],"names":[],"version":3,"file":"index.js"},"_coverageSchema":"1a1c01bbd47fc00a2c39e90264f33305004495a9","hash":"a51b14aa7ec411446f7e255bce96d1024a7602cc","contentHash":"ecaf27cc32ad70e709d5a98b2c40cdbe11763353e11563cb47f90caa23c58e85"},"/Users/joel/Workspace/purescript-huffman/output/Data.Function/index.js":{"path":"/Users/joel/Workspace/purescript-huffman/output/Data.Function/index.js","statementMap":{"0":{"start":{"line":3,"column":19},"end":{"line":3,"column":54}},"1":{"start":{"line":4,"column":9},"end":{"line":12,"column":1}},"2":{"start":{"line":5,"column":4},"end":{"line":11,"column":6}},"3":{"start":{"line":6,"column":8},"end":{"line":10,"column":10}},"4":{"start":{"line":7,"column":12},"end":{"line":9,"column":14}},"5":{"start":{"line":8,"column":16},"end":{"line":8,"column":37}},"6":{"start":{"line":13,"column":11},"end":{"line":19,"column":1}},"7":{"start":{"line":14,"column":4},"end":{"line":18,"column":6}},"8":{"start":{"line":15,"column":8},"end":{"line":17,"column":10}},"9":{"start":{"line":16,"column":12},"end":{"line":16,"column":27}},"10":{"start":{"line":20,"column":14},"end":{"line":24,"column":1}},"11":{"start":{"line":21,"column":4},"end":{"line":23,"column":6}},"12":{"start":{"line":22,"column":8},"end":{"line":22,"column":17}},"13":{"start":{"line":25,"column":13},"end":{"line":50,"column":1}},"14":{"start":{"line":26,"column":13},"end":{"line":48,"column":5}},"15":{"start":{"line":27,"column":8},"end":{"line":47,"column":10}},"16":{"start":{"line":28,"column":29},"end":{"line":28,"column":36}},"17":{"start":{"line":29,"column":28},"end":{"line":29,"column":33}},"18":{"start":{"line":32,"column":16},"end":{"line":35,"column":17}},"19":{"start":{"line":33,"column":20},"end":{"line":33,"column":37}},"20":{"start":{"line":34,"column":20},"end":{"line":34,"column":31}},"21":{"start":{"line":36,"column":16},"end":{"line":40,"column":17}},"22":{"start":{"line":37,"column":20},"end":{"line":37,"column":43}},"23":{"start":{"line":38,"column":20},"end":{"line":38,"column":39}},"24":{"start":{"line":39,"column":20},"end":{"line":39,"column":27}},"25":{"start":{"line":41,"column":16},"end":{"line":41,"column":163}},"26":{"start":{"line":43,"column":12},"end":{"line":45,"column":13}},"27":{"start":{"line":44,"column":16},"end":{"line":44,"column":63}},"28":{"start":{"line":46,"column":12},"end":{"line":46,"column":31}},"29":{"start":{"line":49,"column":4},"end":{"line":49,"column":14}},"30":{"start":{"line":51,"column":19},"end":{"line":55,"column":1}},"31":{"start":{"line":52,"column":4},"end":{"line":54,"column":6}},"32":{"start":{"line":53,"column":8},"end":{"line":53,"column":20}},"33":{"start":{"line":56,"column":12},"end":{"line":60,"column":1}},"34":{"start":{"line":57,"column":4},"end":{"line":59,"column":6}},"35":{"start":{"line":58,"column":8},"end":{"line":58,"column":20}},"36":{"start":{"line":61,"column":0},"end":{"line":68,"column":2}}},"fnMap":{"0":{"name":"(anonymous_0)","decl":{"start":{"line":4,"column":9},"end":{"line":4,"column":10}},"loc":{"start":{"line":4,"column":22},"end":{"line":12,"column":1}},"line":4},"1":{"name":"(anonymous_1)","decl":{"start":{"line":5,"column":11},"end":{"line":5,"column":12}},"loc":{"start":{"line":5,"column":24},"end":{"line":11,"column":5}},"line":5},"2":{"name":"(anonymous_2)","decl":{"start":{"line":6,"column":15},"end":{"line":6,"column":16}},"loc":{"start":{"line":6,"column":28},"end":{"line":10,"column":9}},"line":6},"3":{"name":"(anonymous_3)","decl":{"start":{"line":7,"column":19},"end":{"line":7,"column":20}},"loc":{"start":{"line":7,"column":32},"end":{"line":9,"column":13}},"line":7},"4":{"name":"(anonymous_4)","decl":{"start":{"line":13,"column":11},"end":{"line":13,"column":12}},"loc":{"start":{"line":13,"column":24},"end":{"line":19,"column":1}},"line":13},"5":{"name":"(anonymous_5)","decl":{"start":{"line":14,"column":11},"end":{"line":14,"column":12}},"loc":{"start":{"line":14,"column":24},"end":{"line":18,"column":5}},"line":14},"6":{"name":"(anonymous_6)","decl":{"start":{"line":15,"column":15},"end":{"line":15,"column":16}},"loc":{"start":{"line":15,"column":28},"end":{"line":17,"column":9}},"line":15},"7":{"name":"(anonymous_7)","decl":{"start":{"line":20,"column":14},"end":{"line":20,"column":15}},"loc":{"start":{"line":20,"column":27},"end":{"line":24,"column":1}},"line":20},"8":{"name":"(anonymous_8)","decl":{"start":{"line":21,"column":11},"end":{"line":21,"column":12}},"loc":{"start":{"line":21,"column":24},"end":{"line":23,"column":5}},"line":21},"9":{"name":"(anonymous_9)","decl":{"start":{"line":25,"column":13},"end":{"line":25,"column":14}},"loc":{"start":{"line":25,"column":26},"end":{"line":50,"column":1}},"line":25},"10":{"name":"(anonymous_10)","decl":{"start":{"line":26,"column":13},"end":{"line":26,"column":14}},"loc":{"start":{"line":26,"column":32},"end":{"line":48,"column":5}},"line":26},"11":{"name":"(anonymous_11)","decl":{"start":{"line":27,"column":15},"end":{"line":27,"column":16}},"loc":{"start":{"line":27,"column":36},"end":{"line":47,"column":9}},"line":27},"12":{"name":"$tco_loop","decl":{"start":{"line":31,"column":21},"end":{"line":31,"column":30}},"loc":{"start":{"line":31,"column":39},"end":{"line":42,"column":13}},"line":31},"13":{"name":"(anonymous_13)","decl":{"start":{"line":51,"column":19},"end":{"line":51,"column":20}},"loc":{"start":{"line":51,"column":32},"end":{"line":55,"column":1}},"line":51},"14":{"name":"(anonymous_14)","decl":{"start":{"line":52,"column":11},"end":{"line":52,"column":12}},"loc":{"start":{"line":52,"column":24},"end":{"line":54,"column":5}},"line":52},"15":{"name":"(anonymous_15)","decl":{"start":{"line":56,"column":12},"end":{"line":56,"column":13}},"loc":{"start":{"line":56,"column":25},"end":{"line":60,"column":1}},"line":56},"16":{"name":"(anonymous_16)","decl":{"start":{"line":57,"column":11},"end":{"line":57,"column":12}},"loc":{"start":{"line":57,"column":24},"end":{"line":59,"column":5}},"line":57}},"branchMap":{"0":{"loc":{"start":{"line":32,"column":16},"end":{"line":35,"column":17}},"type":"if","locations":[{"start":{"line":32,"column":16},"end":{"line":35,"column":17}},{"start":{"line":32,"column":16},"end":{"line":35,"column":17}}],"line":32},"1":{"loc":{"start":{"line":36,"column":16},"end":{"line":40,"column":17}},"type":"if","locations":[{"start":{"line":36,"column":16},"end":{"line":40,"column":17}},{"start":{"line":36,"column":16},"end":{"line":40,"column":17}}],"line":36}},"s":{"0":1,"1":1,"2":0,"3":0,"4":0,"5":0,"6":1,"7":553,"8":353,"9":352,"10":1,"11":90,"12":2100,"13":1,"14":0,"15":0,"16":0,"17":0,"18":0,"19":0,"20":0,"21":0,"22":0,"23":0,"24":0,"25":0,"26":0,"27":0,"28":0,"29":0,"30":1,"31":0,"32":0,"33":1,"34":0,"35":0,"36":1},"f":{"0":0,"1":0,"2":0,"3":0,"4":553,"5":353,"6":352,"7":90,"8":2100,"9":0,"10":0,"11":0,"12":0,"13":0,"14":0,"15":0,"16":0},"b":{"0":[0,0],"1":[0,0]},"inputSourceMap":{"mappings":";;AAAA;AAyGA,SAAA;WAAA;eAAA;mBAAA;uBACkB,EAAL,EAAE,IAAM,EAAE;;;;;AAtFvB,WAAA;WAAA;eAAA;mBACa,EAAE,GAAE;;;;AAOjB,cAAA;WAAA;eACY;;;AA6DZ,aAAA;IAGE,SAAA;eAAA;;;;;gBAAG,IAAH,KACS;;2BADT;;gBAAG;iCAAH,IAEwB,IAAJ;gCAAQ,EAF5B;;;uHAAA,oBAAA;;;;;;;;WAFS;;AA/BX,mBAAA;WAAA;eACmB,EAAE;;;AA3BrB,YAAA;WAAA;eACY,EAAE","sources":["../../.spago/prelude/v4.1.1/src/Data/Function.purs"],"names":[],"version":3,"file":"index.js"},"_coverageSchema":"1a1c01bbd47fc00a2c39e90264f33305004495a9","hash":"a2f7fc9b0172c0aa2270e3c7bafb47f030c20fe5","contentHash":"144d5a7b25e28d962b0e0a6bcaeb8636fedb84a00dfc95c9d413de818d0f2e5d"},"/Users/joel/Workspace/purescript-huffman/output/Data.Boolean/index.js":{"path":"/Users/joel/Workspace/purescript-huffman/output/Data.Boolean/index.js","statementMap":{"0":{"start":{"line":3,"column":16},"end":{"line":3,"column":20}},"1":{"start":{"line":4,"column":0},"end":{"line":6,"column":2}}},"fnMap":{},"branchMap":{},"s":{"0":1,"1":1},"f":{},"b":{},"inputSourceMap":{"mappings":";;AAQA,gBACY","sources":["../../.spago/prelude/v4.1.1/src/Data/Boolean.purs"],"names":[],"version":3,"file":"index.js"},"_coverageSchema":"1a1c01bbd47fc00a2c39e90264f33305004495a9","hash":"8a5e4c4e9445a5d167e7b5816a90395b04a75dad","contentHash":"0477191754a0cc5a321a1df9ae0932f3b9e869e8c39dfaf2bd11385057c4da00"},"/Users/joel/Workspace/purescript-huffman/output/Data.Unit/index.js":{"path":"/Users/joel/Workspace/purescript-huffman/output/Data.Unit/index.js","statementMap":{"0":{"start":{"line":3,"column":15},"end":{"line":3,"column":38}},"1":{"start":{"line":4,"column":16},"end":{"line":4,"column":48}},"2":{"start":{"line":5,"column":15},"end":{"line":7,"column":2}},"3":{"start":{"line":6,"column":4},"end":{"line":6,"column":18}},"4":{"start":{"line":8,"column":0},"end":{"line":11,"column":2}}},"fnMap":{"0":{"name":"(anonymous_0)","decl":{"start":{"line":5,"column":34},"end":{"line":5,"column":35}},"loc":{"start":{"line":5,"column":47},"end":{"line":7,"column":1}},"line":5}},"branchMap":{},"s":{"0":1,"1":1,"2":1,"3":0,"4":1},"f":{"0":0},"b":{},"inputSourceMap":{"mappings":";;;AAAA;AAcA,kCAAA;WACW","sources":["../../.spago/prelude/v4.1.1/src/Data/Unit.purs"],"names":[],"version":3,"file":"index.js"},"_coverageSchema":"1a1c01bbd47fc00a2c39e90264f33305004495a9","hash":"3a7512c08833eac874d29ace51517bae1c979c7c","contentHash":"af53821a3d57b41755de2ff3d993b49540bf3f146f31550fd2fe5826e9f4d4c4"},"/Users/joel/Workspace/purescript-huffman/output/Data.Void/index.js":{"path":"/Users/joel/Workspace/purescript-huffman/output/Data.Void/index.js","statementMap":{"0":{"start":{"line":3,"column":16},"end":{"line":3,"column":48}},"1":{"start":{"line":4,"column":11},"end":{"line":6,"column":1}},"2":{"start":{"line":5,"column":4},"end":{"line":5,"column":13}},"3":{"start":{"line":7,"column":13},"end":{"line":20,"column":1}},"4":{"start":{"line":8,"column":15},"end":{"line":18,"column":5}},"5":{"start":{"line":11,"column":12},"end":{"line":11,"column":24}},"6":{"start":{"line":12,"column":12},"end":{"line":12,"column":19}},"7":{"start":{"line":14,"column":8},"end":{"line":16,"column":9}},"8":{"start":{"line":15,"column":12},"end":{"line":15,"column":45}},"9":{"start":{"line":17,"column":8},"end":{"line":17,"column":27}},"10":{"start":{"line":19,"column":4},"end":{"line":19,"column":19}},"11":{"start":{"line":21,"column":15},"end":{"line":21,"column":41}},"12":{"start":{"line":22,"column":0},"end":{"line":25,"column":2}}},"fnMap":{"0":{"name":"(anonymous_0)","decl":{"start":{"line":4,"column":11},"end":{"line":4,"column":12}},"loc":{"start":{"line":4,"column":24},"end":{"line":6,"column":1}},"line":4},"1":{"name":"(anonymous_1)","decl":{"start":{"line":7,"column":13},"end":{"line":7,"column":14}},"loc":{"start":{"line":7,"column":26},"end":{"line":20,"column":1}},"line":7},"2":{"name":"(anonymous_2)","decl":{"start":{"line":8,"column":15},"end":{"line":8,"column":16}},"loc":{"start":{"line":8,"column":34},"end":{"line":18,"column":5}},"line":8},"3":{"name":"$tco_loop","decl":{"start":{"line":10,"column":17},"end":{"line":10,"column":26}},"loc":{"start":{"line":10,"column":30},"end":{"line":13,"column":9}},"line":10}},"branchMap":{},"s":{"0":1,"1":1,"2":0,"3":1,"4":0,"5":0,"6":0,"7":0,"8":0,"9":0,"10":0,"11":1,"12":1},"f":{"0":0,"1":0,"2":0,"3":0},"b":{},"inputSourceMap":{"mappings":";;AAAA;AASA,WAAA;WAAA;;AAcA,aAAA;IAGE,WAAA;;;YAAM,AAAA,UAAN;YAAM;;;;;;;WAFG,KAAK;;AAbhB,kCACS","sources":["../../.spago/prelude/v4.1.1/src/Data/Void.purs"],"names":[],"version":3,"file":"index.js"},"_coverageSchema":"1a1c01bbd47fc00a2c39e90264f33305004495a9","hash":"7562e638c174a210efbc63086a966a8b22c3d83c","contentHash":"a8b4eeb8c909074534b104671565ff2e3a157ae14e8740973e1fe6da584b4e42"},"/Users/joel/Workspace/purescript-huffman/output/Control.Category/index.js":{"path":"/Users/joel/Workspace/purescript-huffman/output/Control.Category/index.js","statementMap":{"0":{"start":{"line":3,"column":27},"end":{"line":3,"column":70}},"1":{"start":{"line":4,"column":15},"end":{"line":7,"column":1}},"2":{"start":{"line":5,"column":4},"end":{"line":5,"column":39}},"3":{"start":{"line":6,"column":4},"end":{"line":6,"column":29}},"4":{"start":{"line":8,"column":15},"end":{"line":10,"column":1}},"5":{"start":{"line":9,"column":4},"end":{"line":9,"column":25}},"6":{"start":{"line":11,"column":17},"end":{"line":15,"column":2}},"7":{"start":{"line":12,"column":4},"end":{"line":12,"column":47}},"8":{"start":{"line":14,"column":4},"end":{"line":14,"column":13}},"9":{"start":{"line":16,"column":0},"end":{"line":20,"column":2}}},"fnMap":{"0":{"name":"(anonymous_0)","decl":{"start":{"line":4,"column":15},"end":{"line":4,"column":16}},"loc":{"start":{"line":4,"column":50},"end":{"line":7,"column":1}},"line":4},"1":{"name":"(anonymous_1)","decl":{"start":{"line":8,"column":15},"end":{"line":8,"column":16}},"loc":{"start":{"line":8,"column":31},"end":{"line":10,"column":1}},"line":8},"2":{"name":"(anonymous_2)","decl":{"start":{"line":11,"column":30},"end":{"line":11,"column":31}},"loc":{"start":{"line":11,"column":42},"end":{"line":13,"column":1}},"line":11},"3":{"name":"(anonymous_3)","decl":{"start":{"line":13,"column":3},"end":{"line":13,"column":4}},"loc":{"start":{"line":13,"column":16},"end":{"line":15,"column":1}},"line":13}},"branchMap":{},"s":{"0":1,"1":1,"2":1,"3":1,"4":1,"5":449,"6":1,"7":0,"8":389,"9":1},"f":{"0":1,"1":449,"2":0,"3":389},"b":{},"inputSourceMap":{"mappings":";;AAAA;AAeA,eAAA;;;;AACE,eAAA;WAAA;;AAEF,8BAAA;;GAAA;WACe","sources":["../../.spago/prelude/v4.1.1/src/Control/Category.purs"],"names":[],"version":3,"file":"index.js"},"_coverageSchema":"1a1c01bbd47fc00a2c39e90264f33305004495a9","hash":"501554ee1174aae07e6b7babc1f9e29f1f572360","contentHash":"8dfa5598e6d23527cfe66ee3376a67fe44ad40d39e49d602ef0febac2951feee"},"/Users/joel/Workspace/purescript-huffman/output/Control.Plus/index.js":{"path":"/Users/joel/Workspace/purescript-huffman/output/Control.Plus/index.js","statementMap":{"0":{"start":{"line":3,"column":18},"end":{"line":3,"column":52}},"1":{"start":{"line":4,"column":11},"end":{"line":7,"column":1}},"2":{"start":{"line":5,"column":4},"end":{"line":5,"column":21}},"3":{"start":{"line":6,"column":4},"end":{"line":6,"column":23}},"4":{"start":{"line":8,"column":16},"end":{"line":10,"column":8}},"5":{"start":{"line":9,"column":4},"end":{"line":9,"column":32}},"6":{"start":{"line":11,"column":12},"end":{"line":13,"column":1}},"7":{"start":{"line":12,"column":4},"end":{"line":12,"column":22}},"8":{"start":{"line":14,"column":0},"end":{"line":18,"column":2}}},"fnMap":{"0":{"name":"(anonymous_0)","decl":{"start":{"line":4,"column":11},"end":{"line":4,"column":12}},"loc":{"start":{"line":4,"column":34},"end":{"line":7,"column":1}},"line":4},"1":{"name":"(anonymous_1)","decl":{"start":{"line":8,"column":25},"end":{"line":8,"column":26}},"loc":{"start":{"line":8,"column":37},"end":{"line":10,"column":1}},"line":8},"2":{"name":"(anonymous_2)","decl":{"start":{"line":11,"column":12},"end":{"line":11,"column":13}},"loc":{"start":{"line":11,"column":28},"end":{"line":13,"column":1}},"line":11}},"branchMap":{},"s":{"0":1,"1":1,"2":6,"3":6,"4":1,"5":0,"6":1,"7":0,"8":1},"f":{"0":6,"1":0,"2":0},"b":{},"inputSourceMap":{"mappings":";;AAAA;AAsBA,WAAA;;;;AAGA,yBAAA;;GACU;AAHR,YAAA;WAAA","sources":["../../.spago/control/v4.2.0/src/Control/Plus.purs"],"names":[],"version":3,"file":"index.js"},"_coverageSchema":"1a1c01bbd47fc00a2c39e90264f33305004495a9","hash":"3320064e0251b4a9c76ded2ed149950ae35f68ba","contentHash":"7e6a53196fc65f6dbc12f5c8ee5e44af79786efc4166bf3a0a639ce94bba50ef"},"/Users/joel/Workspace/purescript-huffman/output/Type.Data.Row/index.js":{"path":"/Users/joel/Workspace/purescript-huffman/output/Type.Data.Row/index.js","statementMap":{"0":{"start":{"line":3,"column":13},"end":{"line":9,"column":4}},"1":{"start":{"line":7,"column":4},"end":{"line":7,"column":32}},"2":{"start":{"line":8,"column":4},"end":{"line":8,"column":18}},"3":{"start":{"line":10,"column":0},"end":{"line":12,"column":2}}},"fnMap":{"0":{"name":"(anonymous_0)","decl":{"start":{"line":3,"column":14},"end":{"line":3,"column":15}},"loc":{"start":{"line":3,"column":26},"end":{"line":9,"column":1}},"line":3},"1":{"name":"RProxy","decl":{"start":{"line":4,"column":13},"end":{"line":4,"column":19}},"loc":{"start":{"line":4,"column":22},"end":{"line":6,"column":5}},"line":4}},"branchMap":{},"s":{"0":1,"1":1,"2":1,"3":1},"f":{"0":1,"1":1},"b":{},"inputSourceMap":{"mappings":";;AAkBA","sources":["../../.spago/prelude/v4.1.1/src/Type/Data/Row.purs"],"names":[],"version":3,"file":"index.js"},"_coverageSchema":"1a1c01bbd47fc00a2c39e90264f33305004495a9","hash":"d085b5ce511ce83f29dab8f2b6b78c31d6ffd99d","contentHash":"9d01e54360f71e05e8a4be9f6b34fe1a59b75374614f38b19f38f1ccc10b0694"},"/Users/joel/Workspace/purescript-huffman/output/Control.Alternative/index.js":{"path":"/Users/joel/Workspace/purescript-huffman/output/Control.Alternative/index.js","statementMap":{"0":{"start":{"line":3,"column":26},"end":{"line":3,"column":68}},"1":{"start":{"line":4,"column":19},"end":{"line":4,"column":54}},"2":{"start":{"line":5,"column":18},"end":{"line":8,"column":1}},"3":{"start":{"line":6,"column":4},"end":{"line":6,"column":37}},"4":{"start":{"line":7,"column":4},"end":{"line":7,"column":23}},"5":{"start":{"line":9,"column":23},"end":{"line":13,"column":2}},"6":{"start":{"line":10,"column":4},"end":{"line":10,"column":48}},"7":{"start":{"line":12,"column":4},"end":{"line":12,"column":34}},"8":{"start":{"line":14,"column":0},"end":{"line":17,"column":2}}},"fnMap":{"0":{"name":"(anonymous_0)","decl":{"start":{"line":5,"column":18},"end":{"line":5,"column":19}},"loc":{"start":{"line":5,"column":49},"end":{"line":8,"column":1}},"line":5},"1":{"name":"(anonymous_1)","decl":{"start":{"line":9,"column":39},"end":{"line":9,"column":40}},"loc":{"start":{"line":9,"column":51},"end":{"line":11,"column":1}},"line":9},"2":{"name":"(anonymous_2)","decl":{"start":{"line":11,"column":3},"end":{"line":11,"column":4}},"loc":{"start":{"line":11,"column":15},"end":{"line":13,"column":1}},"line":11}},"branchMap":{},"s":{"0":1,"1":1,"2":1,"3":6,"4":6,"5":1,"6":0,"7":0,"8":1},"f":{"0":6,"1":0,"2":0},"b":{},"inputSourceMap":{"mappings":";;AAAA;AAAA;AAwBA,kBAAA;;;;AAEA,uCAAA;;GAAA","sources":["../../.spago/control/v4.2.0/src/Control/Alternative.purs"],"names":[],"version":3,"file":"index.js"},"_coverageSchema":"1a1c01bbd47fc00a2c39e90264f33305004495a9","hash":"c7d858405a2e2999b56da93afeaec7a4a4819a1c","contentHash":"372bf2e29c24dc59dd828c46ee8cbe5024579a5fd4d8d3f665e9f11e73b370df"},"/Users/joel/Workspace/purescript-huffman/output/Data.Bounded/index.js":{"path":"/Users/joel/Workspace/purescript-huffman/output/Data.Bounded/index.js","statementMap":{"0":{"start":{"line":3,"column":15},"end":{"line":3,"column":38}},"1":{"start":{"line":4,"column":15},"end":{"line":4,"column":46}},"2":{"start":{"line":5,"column":20},"end":{"line":5,"column":56}},"3":{"start":{"line":6,"column":16},"end":{"line":6,"column":48}},"4":{"start":{"line":7,"column":14},"end":{"line":11,"column":1}},"5":{"start":{"line":8,"column":4},"end":{"line":8,"column":21}},"6":{"start":{"line":9,"column":4},"end":{"line":9,"column":25}},"7":{"start":{"line":10,"column":4},"end":{"line":10,"column":19}},"8":{"start":{"line":12,"column":10},"end":{"line":14,"column":1}},"9":{"start":{"line":13,"column":4},"end":{"line":13,"column":20}},"10":{"start":{"line":15,"column":18},"end":{"line":17,"column":34}},"11":{"start":{"line":16,"column":4},"end":{"line":16,"column":28}},"12":{"start":{"line":18,"column":22},"end":{"line":20,"column":50}},"13":{"start":{"line":19,"column":4},"end":{"line":19,"column":32}},"14":{"start":{"line":21,"column":20},"end":{"line":23,"column":45}},"15":{"start":{"line":22,"column":4},"end":{"line":22,"column":30}},"16":{"start":{"line":24,"column":17},"end":{"line":26,"column":39}},"17":{"start":{"line":25,"column":4},"end":{"line":25,"column":27}},"18":{"start":{"line":27,"column":18},"end":{"line":29,"column":41}},"19":{"start":{"line":28,"column":4},"end":{"line":28,"column":28}},"20":{"start":{"line":30,"column":21},"end":{"line":32,"column":15}},"21":{"start":{"line":31,"column":4},"end":{"line":31,"column":31}},"22":{"start":{"line":33,"column":13},"end":{"line":35,"column":1}},"23":{"start":{"line":34,"column":4},"end":{"line":34,"column":23}},"24":{"start":{"line":36,"column":0},"end":{"line":46,"column":2}}},"fnMap":{"0":{"name":"(anonymous_0)","decl":{"start":{"line":7,"column":14},"end":{"line":7,"column":15}},"loc":{"start":{"line":7,"column":43},"end":{"line":11,"column":1}},"line":7},"1":{"name":"(anonymous_1)","decl":{"start":{"line":12,"column":10},"end":{"line":12,"column":11}},"loc":{"start":{"line":12,"column":26},"end":{"line":14,"column":1}},"line":12},"2":{"name":"(anonymous_2)","decl":{"start":{"line":15,"column":30},"end":{"line":15,"column":31}},"loc":{"start":{"line":15,"column":42},"end":{"line":17,"column":1}},"line":15},"3":{"name":"(anonymous_3)","decl":{"start":{"line":18,"column":34},"end":{"line":18,"column":35}},"loc":{"start":{"line":18,"column":46},"end":{"line":20,"column":1}},"line":18},"4":{"name":"(anonymous_4)","decl":{"start":{"line":21,"column":32},"end":{"line":21,"column":33}},"loc":{"start":{"line":21,"column":44},"end":{"line":23,"column":1}},"line":21},"5":{"name":"(anonymous_5)","decl":{"start":{"line":24,"column":29},"end":{"line":24,"column":30}},"loc":{"start":{"line":24,"column":41},"end":{"line":26,"column":1}},"line":24},"6":{"name":"(anonymous_6)","decl":{"start":{"line":27,"column":30},"end":{"line":27,"column":31}},"loc":{"start":{"line":27,"column":42},"end":{"line":29,"column":1}},"line":27},"7":{"name":"(anonymous_7)","decl":{"start":{"line":30,"column":33},"end":{"line":30,"column":34}},"loc":{"start":{"line":30,"column":45},"end":{"line":32,"column":1}},"line":30},"8":{"name":"(anonymous_8)","decl":{"start":{"line":33,"column":13},"end":{"line":33,"column":14}},"loc":{"start":{"line":33,"column":29},"end":{"line":35,"column":1}},"line":33}},"branchMap":{},"s":{"0":1,"1":1,"2":1,"3":1,"4":1,"5":8,"6":8,"7":8,"8":1,"9":2,"10":1,"11":0,"12":1,"13":0,"14":1,"15":0,"16":1,"17":0,"18":1,"19":0,"20":1,"21":0,"22":1,"23":2,"24":1},"f":{"0":8,"1":2,"2":0,"3":0,"4":0,"5":0,"6":0,"7":0,"8":2},"b":{},"inputSourceMap":{"mappings":";;;AAAA;AAAA;AAAA;AAgBA,cAAA;;;;;AACE,UAAA;WAAA;;AA6BF,8BAAA;;;AAJA,kCAAA;;;AAWA,gCAAA;;;AA1BA,6BAAA;;;AAQA,8BAAA;;;AAfA,iCAAA;;GAEW,OADH;AAHN,aAAA;WAAA","sources":["../../.spago/prelude/v4.1.1/src/Data/Bounded.purs"],"names":[],"version":3,"file":"index.js"},"_coverageSchema":"1a1c01bbd47fc00a2c39e90264f33305004495a9","hash":"1a0bf5b99e5bd34bd0d5961b3fb478198ee689c9","contentHash":"3da3505a580c4549da6307730fad6ecdc578e5d48a52807e75203ac4ff98b92b"},"/Users/joel/Workspace/purescript-huffman/output/Data.Ordering/index.js":{"path":"/Users/joel/Workspace/purescript-huffman/output/Data.Ordering/index.js","statementMap":{"0":{"start":{"line":3,"column":14},"end":{"line":3,"column":44}},"1":{"start":{"line":4,"column":21},"end":{"line":4,"column":58}},"2":{"start":{"line":5,"column":16},"end":{"line":5,"column":48}},"3":{"start":{"line":6,"column":9},"end":{"line":12,"column":4}},"4":{"start":{"line":10,"column":4},"end":{"line":10,"column":24}},"5":{"start":{"line":11,"column":4},"end":{"line":11,"column":14}},"6":{"start":{"line":13,"column":9},"end":{"line":19,"column":4}},"7":{"start":{"line":17,"column":4},"end":{"line":17,"column":24}},"8":{"start":{"line":18,"column":4},"end":{"line":18,"column":14}},"9":{"start":{"line":20,"column":9},"end":{"line":26,"column":4}},"10":{"start":{"line":24,"column":4},"end":{"line":24,"column":24}},"11":{"start":{"line":25,"column":4},"end":{"line":25,"column":14}},"12":{"start":{"line":27,"column":19},"end":{"line":38,"column":2}},"13":{"start":{"line":28,"column":4},"end":{"line":30,"column":5}},"14":{"start":{"line":29,"column":8},"end":{"line":29,"column":20}},"15":{"start":{"line":31,"column":4},"end":{"line":33,"column":5}},"16":{"start":{"line":32,"column":8},"end":{"line":32,"column":20}},"17":{"start":{"line":34,"column":4},"end":{"line":36,"column":5}},"18":{"start":{"line":35,"column":8},"end":{"line":35,"column":20}},"19":{"start":{"line":37,"column":4},"end":{"line":37,"column":129}},"20":{"start":{"line":39,"column":24},"end":{"line":52,"column":2}},"21":{"start":{"line":40,"column":4},"end":{"line":51,"column":6}},"22":{"start":{"line":41,"column":8},"end":{"line":43,"column":9}},"23":{"start":{"line":42,"column":12},"end":{"line":42,"column":28}},"24":{"start":{"line":44,"column":8},"end":{"line":46,"column":9}},"25":{"start":{"line":45,"column":12},"end":{"line":45,"column":28}},"26":{"start":{"line":47,"column":8},"end":{"line":49,"column":9}},"27":{"start":{"line":48,"column":12},"end":{"line":48,"column":22}},"28":{"start":{"line":50,"column":8},"end":{"line":50,"column":154}},"29":{"start":{"line":53,"column":13},"end":{"line":64,"column":1}},"30":{"start":{"line":54,"column":4},"end":{"line":56,"column":5}},"31":{"start":{"line":55,"column":8},"end":{"line":55,"column":24}},"32":{"start":{"line":57,"column":4},"end":{"line":59,"column":5}},"33":{"start":{"line":58,"column":8},"end":{"line":58,"column":24}},"34":{"start":{"line":60,"column":4},"end":{"line":62,"column":5}},"35":{"start":{"line":61,"column":8},"end":{"line":61,"column":24}},"36":{"start":{"line":63,"column":4},"end":{"line":63,"column":129}},"37":{"start":{"line":65,"column":17},"end":{"line":78,"column":2}},"38":{"start":{"line":66,"column":4},"end":{"line":77,"column":6}},"39":{"start":{"line":67,"column":8},"end":{"line":69,"column":9}},"40":{"start":{"line":68,"column":12},"end":{"line":68,"column":24}},"41":{"start":{"line":70,"column":8},"end":{"line":72,"column":9}},"42":{"start":{"line":71,"column":12},"end":{"line":71,"column":24}},"43":{"start":{"line":73,"column":8},"end":{"line":75,"column":9}},"44":{"start":{"line":74,"column":12},"end":{"line":74,"column":24}},"45":{"start":{"line":76,"column":8},"end":{"line":76,"column":21}},"46":{"start":{"line":79,"column":0},"end":{"line":87,"column":2}}},"fnMap":{"0":{"name":"(anonymous_0)","decl":{"start":{"line":6,"column":10},"end":{"line":6,"column":11}},"loc":{"start":{"line":6,"column":22},"end":{"line":12,"column":1}},"line":6},"1":{"name":"LT","decl":{"start":{"line":7,"column":13},"end":{"line":7,"column":15}},"loc":{"start":{"line":7,"column":18},"end":{"line":9,"column":5}},"line":7},"2":{"name":"(anonymous_2)","decl":{"start":{"line":13,"column":10},"end":{"line":13,"column":11}},"loc":{"start":{"line":13,"column":22},"end":{"line":19,"column":1}},"line":13},"3":{"name":"GT","decl":{"start":{"line":14,"column":13},"end":{"line":14,"column":15}},"loc":{"start":{"line":14,"column":18},"end":{"line":16,"column":5}},"line":14},"4":{"name":"(anonymous_4)","decl":{"start":{"line":20,"column":10},"end":{"line":20,"column":11}},"loc":{"start":{"line":20,"column":22},"end":{"line":26,"column":1}},"line":20},"5":{"name":"EQ","decl":{"start":{"line":21,"column":13},"end":{"line":21,"column":15}},"loc":{"start":{"line":21,"column":18},"end":{"line":23,"column":5}},"line":21},"6":{"name":"(anonymous_6)","decl":{"start":{"line":27,"column":38},"end":{"line":27,"column":39}},"loc":{"start":{"line":27,"column":51},"end":{"line":38,"column":1}},"line":27},"7":{"name":"(anonymous_7)","decl":{"start":{"line":39,"column":53},"end":{"line":39,"column":54}},"loc":{"start":{"line":39,"column":66},"end":{"line":52,"column":1}},"line":39},"8":{"name":"(anonymous_8)","decl":{"start":{"line":40,"column":11},"end":{"line":40,"column":12}},"loc":{"start":{"line":40,"column":25},"end":{"line":51,"column":5}},"line":40},"9":{"name":"(anonymous_9)","decl":{"start":{"line":53,"column":13},"end":{"line":53,"column":14}},"loc":{"start":{"line":53,"column":26},"end":{"line":64,"column":1}},"line":53},"10":{"name":"(anonymous_10)","decl":{"start":{"line":65,"column":32},"end":{"line":65,"column":33}},"loc":{"start":{"line":65,"column":45},"end":{"line":78,"column":1}},"line":65},"11":{"name":"(anonymous_11)","decl":{"start":{"line":66,"column":11},"end":{"line":66,"column":12}},"loc":{"start":{"line":66,"column":25},"end":{"line":77,"column":5}},"line":66}},"branchMap":{"0":{"loc":{"start":{"line":28,"column":4},"end":{"line":30,"column":5}},"type":"if","locations":[{"start":{"line":28,"column":4},"end":{"line":30,"column":5}},{"start":{"line":28,"column":4},"end":{"line":30,"column":5}}],"line":28},"1":{"loc":{"start":{"line":31,"column":4},"end":{"line":33,"column":5}},"type":"if","locations":[{"start":{"line":31,"column":4},"end":{"line":33,"column":5}},{"start":{"line":31,"column":4},"end":{"line":33,"column":5}}],"line":31},"2":{"loc":{"start":{"line":34,"column":4},"end":{"line":36,"column":5}},"type":"if","locations":[{"start":{"line":34,"column":4},"end":{"line":36,"column":5}},{"start":{"line":34,"column":4},"end":{"line":36,"column":5}}],"line":34},"3":{"loc":{"start":{"line":41,"column":8},"end":{"line":43,"column":9}},"type":"if","locations":[{"start":{"line":41,"column":8},"end":{"line":43,"column":9}},{"start":{"line":41,"column":8},"end":{"line":43,"column":9}}],"line":41},"4":{"loc":{"start":{"line":44,"column":8},"end":{"line":46,"column":9}},"type":"if","locations":[{"start":{"line":44,"column":8},"end":{"line":46,"column":9}},{"start":{"line":44,"column":8},"end":{"line":46,"column":9}}],"line":44},"5":{"loc":{"start":{"line":47,"column":8},"end":{"line":49,"column":9}},"type":"if","locations":[{"start":{"line":47,"column":8},"end":{"line":49,"column":9}},{"start":{"line":47,"column":8},"end":{"line":49,"column":9}}],"line":47},"6":{"loc":{"start":{"line":54,"column":4},"end":{"line":56,"column":5}},"type":"if","locations":[{"start":{"line":54,"column":4},"end":{"line":56,"column":5}},{"start":{"line":54,"column":4},"end":{"line":56,"column":5}}],"line":54},"7":{"loc":{"start":{"line":57,"column":4},"end":{"line":59,"column":5}},"type":"if","locations":[{"start":{"line":57,"column":4},"end":{"line":59,"column":5}},{"start":{"line":57,"column":4},"end":{"line":59,"column":5}}],"line":57},"8":{"loc":{"start":{"line":60,"column":4},"end":{"line":62,"column":5}},"type":"if","locations":[{"start":{"line":60,"column":4},"end":{"line":62,"column":5}},{"start":{"line":60,"column":4},"end":{"line":62,"column":5}}],"line":60},"9":{"loc":{"start":{"line":67,"column":8},"end":{"line":69,"column":9}},"type":"if","locations":[{"start":{"line":67,"column":8},"end":{"line":69,"column":9}},{"start":{"line":67,"column":8},"end":{"line":69,"column":9}}],"line":67},"10":{"loc":{"start":{"line":67,"column":12},"end":{"line":67,"column":47}},"type":"binary-expr","locations":[{"start":{"line":67,"column":12},"end":{"line":67,"column":27}},{"start":{"line":67,"column":31},"end":{"line":67,"column":47}}],"line":67},"11":{"loc":{"start":{"line":70,"column":8},"end":{"line":72,"column":9}},"type":"if","locations":[{"start":{"line":70,"column":8},"end":{"line":72,"column":9}},{"start":{"line":70,"column":8},"end":{"line":72,"column":9}}],"line":70},"12":{"loc":{"start":{"line":70,"column":12},"end":{"line":70,"column":47}},"type":"binary-expr","locations":[{"start":{"line":70,"column":12},"end":{"line":70,"column":27}},{"start":{"line":70,"column":31},"end":{"line":70,"column":47}}],"line":70},"13":{"loc":{"start":{"line":73,"column":8},"end":{"line":75,"column":9}},"type":"if","locations":[{"start":{"line":73,"column":8},"end":{"line":75,"column":9}},{"start":{"line":73,"column":8},"end":{"line":75,"column":9}}],"line":73},"14":{"loc":{"start":{"line":73,"column":12},"end":{"line":73,"column":47}},"type":"binary-expr","locations":[{"start":{"line":73,"column":12},"end":{"line":73,"column":27}},{"start":{"line":73,"column":31},"end":{"line":73,"column":47}}],"line":73}},"s":{"0":1,"1":1,"2":1,"3":1,"4":1,"5":1,"6":1,"7":1,"8":1,"9":1,"10":1,"11":1,"12":1,"13":0,"14":0,"15":0,"16":0,"17":0,"18":0,"19":0,"20":1,"21":0,"22":0,"23":0,"24":0,"25":0,"26":0,"27":0,"28":0,"29":1,"30":0,"31":0,"32":0,"33":0,"34":0,"35":0,"36":0,"37":1,"38":155,"39":155,"40":0,"41":155,"42":26,"43":129,"44":0,"45":129,"46":1},"f":{"0":1,"1":1,"2":1,"3":1,"4":1,"5":1,"6":0,"7":0,"8":0,"9":0,"10":155,"11":155},"b":{"0":[0,0],"1":[0,0],"2":[0,0],"3":[0,0],"4":[0,0],"5":[0,0],"6":[0,0],"7":[0,0],"8":[0,0],"9":[0,155],"10":[155,76],"11":[26,129],"12":[155,26],"13":[0,129],"14":[129,53]},"inputSourceMap":{"mappings":";;AAAA;AAAA;AAAA;AAYA;;;;;;;AAAA;;;;;;;AAAA;;;;;;;AAaA,sCAAA;IACO,IAAL;eAAU;;IACL,IADL;eACU;;IACL,IAFL;eAEU;;2GAFV;;AANF,qDAAA;WAAA;QACS,IAAP;YAAU;;QACH,IADP;YACU;;QACH,IAFP;YAEU,OAFV;;+GAAA,oBAAA;;;AAWF,aAAA;IACO,IAAP;;;IACO,IADP;;;IAEO,IAFP;;;2GAAA;;AAnBA,gCAAA;WAAA;QACK,IAAH,mBAAA;mBAAW;;QACR,IADH,mBAAA;mBACW;;QACR,IAFH,mBAAA;mBAEW;;QACR,OAAQ","sources":["../../.spago/prelude/v4.1.1/src/Data/Ordering.purs"],"names":[],"version":3,"file":"index.js"},"_coverageSchema":"1a1c01bbd47fc00a2c39e90264f33305004495a9","hash":"a256bfd94cbf22e7b6e29dc1634cb053d796afb5","contentHash":"ab08ba9314a26cc0c8c271cf46d055dbda39f1ba2b30899e59a7156fecf6f3d2"},"/Users/joel/Workspace/purescript-huffman/output/Control.Biapplicative/index.js":{"path":"/Users/joel/Workspace/purescript-huffman/output/Control.Biapplicative/index.js","statementMap":{"0":{"start":{"line":3,"column":20},"end":{"line":6,"column":1}},"1":{"start":{"line":4,"column":4},"end":{"line":4,"column":29}},"2":{"start":{"line":5,"column":4},"end":{"line":5,"column":25}},"3":{"start":{"line":7,"column":13},"end":{"line":9,"column":1}},"4":{"start":{"line":8,"column":4},"end":{"line":8,"column":23}},"5":{"start":{"line":10,"column":0},"end":{"line":13,"column":2}}},"fnMap":{"0":{"name":"(anonymous_0)","decl":{"start":{"line":3,"column":20},"end":{"line":3,"column":21}},"loc":{"start":{"line":3,"column":48},"end":{"line":6,"column":1}},"line":3},"1":{"name":"(anonymous_1)","decl":{"start":{"line":7,"column":13},"end":{"line":7,"column":14}},"loc":{"start":{"line":7,"column":29},"end":{"line":9,"column":1}},"line":7}},"branchMap":{},"s":{"0":1,"1":1,"2":1,"3":1,"4":0,"5":1},"f":{"0":1,"1":0},"b":{},"inputSourceMap":{"mappings":";;AAMA,oBAAA;;;;AACE,aAAA;WAAA","sources":["../../.spago/bifunctors/v4.0.0/src/Control/Biapplicative.purs"],"names":[],"version":3,"file":"index.js"},"_coverageSchema":"1a1c01bbd47fc00a2c39e90264f33305004495a9","hash":"28431e128e9d0fef97c5d5710731ff850a1f8d7d","contentHash":"7361baa28eb88ae20434147fbeecbcec2668653bdfc3ad776e7237bf7cfff265"},"/Users/joel/Workspace/purescript-huffman/output/Control.Comonad/index.js":{"path":"/Users/joel/Workspace/purescript-huffman/output/Control.Comonad/index.js","statementMap":{"0":{"start":{"line":3,"column":14},"end":{"line":6,"column":1}},"1":{"start":{"line":4,"column":4},"end":{"line":4,"column":27}},"2":{"start":{"line":5,"column":4},"end":{"line":5,"column":27}},"3":{"start":{"line":7,"column":14},"end":{"line":9,"column":1}},"4":{"start":{"line":8,"column":4},"end":{"line":8,"column":24}},"5":{"start":{"line":10,"column":0},"end":{"line":13,"column":2}}},"fnMap":{"0":{"name":"(anonymous_0)","decl":{"start":{"line":3,"column":14},"end":{"line":3,"column":15}},"loc":{"start":{"line":3,"column":42},"end":{"line":6,"column":1}},"line":3},"1":{"name":"(anonymous_1)","decl":{"start":{"line":7,"column":14},"end":{"line":7,"column":15}},"loc":{"start":{"line":7,"column":30},"end":{"line":9,"column":1}},"line":7}},"branchMap":{},"s":{"0":1,"1":5,"2":5,"3":1,"4":0,"5":1},"f":{"0":5,"1":0},"b":{},"inputSourceMap":{"mappings":";;AAmBA,cAAA;;;;AACE,cAAA;WAAA","sources":["../../.spago/control/v4.2.0/src/Control/Comonad.purs"],"names":[],"version":3,"file":"index.js"},"_coverageSchema":"1a1c01bbd47fc00a2c39e90264f33305004495a9","hash":"831d4bb1e54538dffe9ee09c4090c41104bacf7f","contentHash":"622c511a05faa733f2ddfd6e50f1766f286b3a35894796fde371e178fb913522"},"/Users/joel/Workspace/purescript-huffman/output/Effect.Ref/index.js":{"path":"/Users/joel/Workspace/purescript-huffman/output/Effect.Ref/index.js","statementMap":{"0":{"start":{"line":3,"column":15},"end":{"line":3,"column":38}},"1":{"start":{"line":4,"column":19},"end":{"line":4,"column":54}},"2":{"start":{"line":5,"column":13},"end":{"line":5,"column":42}},"3":{"start":{"line":6,"column":13},"end":{"line":14,"column":1}},"4":{"start":{"line":7,"column":4},"end":{"line":13,"column":7}},"5":{"start":{"line":8,"column":22},"end":{"line":8,"column":26}},"6":{"start":{"line":9,"column":8},"end":{"line":12,"column":10}},"7":{"start":{"line":15,"column":14},"end":{"line":19,"column":1}},"8":{"start":{"line":16,"column":4},"end":{"line":18,"column":6}},"9":{"start":{"line":17,"column":8},"end":{"line":17,"column":72}},"10":{"start":{"line":20,"column":0},"end":{"line":27,"column":2}}},"fnMap":{"0":{"name":"(anonymous_0)","decl":{"start":{"line":6,"column":13},"end":{"line":6,"column":14}},"loc":{"start":{"line":6,"column":26},"end":{"line":14,"column":1}},"line":6},"1":{"name":"(anonymous_1)","decl":{"start":{"line":7,"column":31},"end":{"line":7,"column":32}},"loc":{"start":{"line":7,"column":44},"end":{"line":13,"column":5}},"line":7},"2":{"name":"(anonymous_2)","decl":{"start":{"line":15,"column":14},"end":{"line":15,"column":15}},"loc":{"start":{"line":15,"column":27},"end":{"line":19,"column":1}},"line":15},"3":{"name":"(anonymous_3)","decl":{"start":{"line":16,"column":11},"end":{"line":16,"column":12}},"loc":{"start":{"line":16,"column":24},"end":{"line":18,"column":5}},"line":16}},"branchMap":{},"s":{"0":1,"1":1,"2":1,"3":1,"4":0,"5":0,"6":0,"7":1,"8":0,"9":0,"10":1},"f":{"0":0,"1":0,"2":0,"3":0},"b":{},"inputSourceMap":{"mappings":";;;AAMA;AAAA;AAsBA,aAAA;+BACmB;QAAU,cAAK,EAAE;eAAK;mBAAS;mBAAW;;;;AAE7D,cAAA;WAAA;0DACqB,OAAO,GAAE","sources":["../../.spago/refs/v4.1.0/src/Effect/Ref.purs"],"names":[],"version":3,"file":"index.js"},"_coverageSchema":"1a1c01bbd47fc00a2c39e90264f33305004495a9","hash":"02394fb1960553f2b59e27a421f54266bf009964","contentHash":"99712c53ffca7160ec5c00c15d8456b6d4ff996d655ddee152846a82fcee71ad"},"/Users/joel/Workspace/purescript-huffman/output/Type.Equality/index.js":{"path":"/Users/joel/Workspace/purescript-huffman/output/Type.Equality/index.js","statementMap":{"0":{"start":{"line":3,"column":17},"end":{"line":6,"column":1}},"1":{"start":{"line":4,"column":4},"end":{"line":4,"column":21}},"2":{"start":{"line":5,"column":4},"end":{"line":5,"column":17}},"3":{"start":{"line":7,"column":9},"end":{"line":9,"column":1}},"4":{"start":{"line":8,"column":4},"end":{"line":8,"column":19}},"5":{"start":{"line":10,"column":11},"end":{"line":14,"column":2}},"6":{"start":{"line":11,"column":4},"end":{"line":11,"column":13}},"7":{"start":{"line":13,"column":4},"end":{"line":13,"column":13}},"8":{"start":{"line":15,"column":11},"end":{"line":17,"column":1}},"9":{"start":{"line":16,"column":4},"end":{"line":16,"column":21}},"10":{"start":{"line":18,"column":0},"end":{"line":23,"column":2}}},"fnMap":{"0":{"name":"(anonymous_0)","decl":{"start":{"line":3,"column":17},"end":{"line":3,"column":18}},"loc":{"start":{"line":3,"column":37},"end":{"line":6,"column":1}},"line":3},"1":{"name":"(anonymous_1)","decl":{"start":{"line":7,"column":9},"end":{"line":7,"column":10}},"loc":{"start":{"line":7,"column":25},"end":{"line":9,"column":1}},"line":7},"2":{"name":"(anonymous_2)","decl":{"start":{"line":10,"column":26},"end":{"line":10,"column":27}},"loc":{"start":{"line":10,"column":39},"end":{"line":12,"column":1}},"line":10},"3":{"name":"(anonymous_3)","decl":{"start":{"line":12,"column":3},"end":{"line":12,"column":4}},"loc":{"start":{"line":12,"column":16},"end":{"line":14,"column":1}},"line":12},"4":{"name":"(anonymous_4)","decl":{"start":{"line":15,"column":11},"end":{"line":15,"column":12}},"loc":{"start":{"line":15,"column":27},"end":{"line":17,"column":1}},"line":15}},"branchMap":{},"s":{"0":1,"1":1,"2":1,"3":1,"4":0,"5":1,"6":0,"7":0,"8":1,"9":0,"10":1},"f":{"0":1,"1":0,"2":0,"3":0,"4":0},"b":{},"inputSourceMap":{"mappings":";;AAgBA,iBAAA;;;;AACE,SAAA;WAAA;;AAGF,0BAAA;WAEW;GAFX;WACS;;AAHP,WAAA;WAAA","sources":["../../.spago/type-equality/v3.0.0/src/Type/Equality.purs"],"names":[],"version":3,"file":"index.js"},"_coverageSchema":"1a1c01bbd47fc00a2c39e90264f33305004495a9","hash":"c5164b67d48a4c4da3495ce4f80f2174cc8b5130","contentHash":"c49b4fe8bfcbd241fcc07e80b7ba96225d99a009d36fcd3d45c49cf2f23bd195"},"/Users/joel/Workspace/purescript-huffman/output/Control.MonadPlus/index.js":{"path":"/Users/joel/Workspace/purescript-huffman/output/Control.MonadPlus/index.js","statementMap":{"0":{"start":{"line":3,"column":24},"end":{"line":3,"column":64}},"1":{"start":{"line":4,"column":16},"end":{"line":6,"column":1}},"2":{"start":{"line":5,"column":4},"end":{"line":5,"column":33}},"3":{"start":{"line":7,"column":21},"end":{"line":9,"column":2}},"4":{"start":{"line":8,"column":4},"end":{"line":8,"column":44}},"5":{"start":{"line":10,"column":0},"end":{"line":13,"column":2}}},"fnMap":{"0":{"name":"(anonymous_0)","decl":{"start":{"line":4,"column":16},"end":{"line":4,"column":17}},"loc":{"start":{"line":4,"column":38},"end":{"line":6,"column":1}},"line":4},"1":{"name":"(anonymous_1)","decl":{"start":{"line":7,"column":35},"end":{"line":7,"column":36}},"loc":{"start":{"line":7,"column":47},"end":{"line":9,"column":1}},"line":7}},"branchMap":{},"s":{"0":1,"1":1,"2":3,"3":1,"4":0,"5":1},"f":{"0":3,"1":0},"b":{},"inputSourceMap":{"mappings":";;AAAA;AA4BA,gBAAA;;;AAEA,mCAAA","sources":["../../.spago/control/v4.2.0/src/Control/MonadPlus.purs"],"names":[],"version":3,"file":"index.js"},"_coverageSchema":"1a1c01bbd47fc00a2c39e90264f33305004495a9","hash":"044a32836adc08b191c0fea8883329f479c3bb59","contentHash":"95cd2ab56880bf8151a0a0f843e70ec9f14c8348a041dac714cad4725d93a6fd"},"/Users/joel/Workspace/purescript-huffman/output/Huffman.Alphabet/index.js":{"path":"/Users/joel/Workspace/purescript-huffman/output/Huffman.Alphabet/index.js","statementMap":{"0":{"start":{"line":3,"column":14},"end":{"line":3,"column":44}},"1":{"start":{"line":4,"column":20},"end":{"line":4,"column":56}},"2":{"start":{"line":5,"column":19},"end":{"line":5,"column":54}},"3":{"start":{"line":6,"column":15},"end":{"line":6,"column":46}},"4":{"start":{"line":7,"column":16},"end":{"line":7,"column":48}},"5":{"start":{"line":8,"column":25},"end":{"line":8,"column":66}},"6":{"start":{"line":9,"column":25},"end":{"line":9,"column":66}},"7":{"start":{"line":10,"column":21},"end":{"line":10,"column":58}},"8":{"start":{"line":11,"column":24},"end":{"line":11,"column":64}},"9":{"start":{"line":12,"column":15},"end":{"line":14,"column":1}},"10":{"start":{"line":13,"column":4},"end":{"line":13,"column":13}},"11":{"start":{"line":15,"column":19},"end":{"line":17,"column":2}},"12":{"start":{"line":16,"column":4},"end":{"line":16,"column":110}},"13":{"start":{"line":18,"column":17},"end":{"line":23,"column":1}},"14":{"start":{"line":19,"column":18},"end":{"line":21,"column":41}},"15":{"start":{"line":20,"column":8},"end":{"line":20,"column":72}},"16":{"start":{"line":22,"column":4},"end":{"line":22,"column":97}},"17":{"start":{"line":24,"column":17},"end":{"line":28,"column":2}},"18":{"start":{"line":25,"column":4},"end":{"line":27,"column":6}},"19":{"start":{"line":26,"column":8},"end":{"line":26,"column":74}},"20":{"start":{"line":29,"column":0},"end":{"line":34,"column":2}}},"fnMap":{"0":{"name":"(anonymous_0)","decl":{"start":{"line":12,"column":15},"end":{"line":12,"column":16}},"loc":{"start":{"line":12,"column":28},"end":{"line":14,"column":1}},"line":12},"1":{"name":"(anonymous_1)","decl":{"start":{"line":15,"column":38},"end":{"line":15,"column":39}},"loc":{"start":{"line":15,"column":51},"end":{"line":17,"column":1}},"line":15},"2":{"name":"(anonymous_2)","decl":{"start":{"line":18,"column":17},"end":{"line":18,"column":18}},"loc":{"start":{"line":18,"column":32},"end":{"line":23,"column":1}},"line":18},"3":{"name":"(anonymous_3)","decl":{"start":{"line":19,"column":62},"end":{"line":19,"column":63}},"loc":{"start":{"line":19,"column":76},"end":{"line":21,"column":5}},"line":19},"4":{"name":"(anonymous_4)","decl":{"start":{"line":24,"column":32},"end":{"line":24,"column":33}},"loc":{"start":{"line":24,"column":45},"end":{"line":28,"column":1}},"line":24},"5":{"name":"(anonymous_5)","decl":{"start":{"line":25,"column":11},"end":{"line":25,"column":12}},"loc":{"start":{"line":25,"column":25},"end":{"line":27,"column":5}},"line":25}},"branchMap":{},"s":{"0":1,"1":1,"2":1,"3":1,"4":1,"5":1,"6":1,"7":1,"8":1,"9":1,"10":2,"11":1,"12":5,"13":1,"14":3,"15":8,"16":3,"17":1,"18":2,"19":2,"20":1},"f":{"0":2,"1":5,"2":3,"3":8,"4":2,"5":2},"b":{},"inputSourceMap":{"mappings":";;AAAA;AAAA;AAAA;AAAA;AAAA;AAAA;AAAA;AAAA;AAAA;AASA,eAAA;WAAA;;AAMA,sCAAA;IACQ,OAAgB,mFAAgB,MAAtC,KAAkD;;AAEpD,iBAAA;IAGE,0DAAU,cAAA;mEAAA;gCAA2B,IAAY;wFAFX;;AAPxC,gCAAA;WAAA;QACM,2DAAJ,GAAA","sources":["../../src/Huffman/Alphabet.purs"],"names":[],"version":3,"file":"index.js"},"_coverageSchema":"1a1c01bbd47fc00a2c39e90264f33305004495a9","hash":"baff55f5a3065e59f31ebf4895da43c274fa1b4f","contentHash":"0edb483bf6722dcbe58a5129c1f24f647305951f92e4d77481c8339bb2ba3de4"},"/Users/joel/Workspace/purescript-huffman/output/Data.String.Common/index.js":{"path":"/Users/joel/Workspace/purescript-huffman/output/Data.String.Common/index.js","statementMap":{"0":{"start":{"line":3,"column":15},"end":{"line":3,"column":38}},"1":{"start":{"line":4,"column":20},"end":{"line":4,"column":56}},"2":{"start":{"line":5,"column":13},"end":{"line":7,"column":1}},"3":{"start":{"line":6,"column":4},"end":{"line":6,"column":20}},"4":{"start":{"line":8,"column":20},"end":{"line":8,"column":118}},"5":{"start":{"line":9,"column":0},"end":{"line":19,"column":2}}},"fnMap":{"0":{"name":"(anonymous_0)","decl":{"start":{"line":5,"column":13},"end":{"line":5,"column":14}},"loc":{"start":{"line":5,"column":26},"end":{"line":7,"column":1}},"line":5}},"branchMap":{},"s":{"0":1,"1":1,"2":1,"3":0,"4":1,"5":1},"f":{"0":0},"b":{},"inputSourceMap":{"mappings":";;;AAAA;AAsBA,aAAA;WACS,MAAK;;AAUd","sources":["../../.spago/strings/v4.0.2/src/Data/String/Common.purs"],"names":[],"version":3,"file":"index.js"},"_coverageSchema":"1a1c01bbd47fc00a2c39e90264f33305004495a9","hash":"05b0047692c9b988f80cb51c6f1971f5e71963f1","contentHash":"5efc4ddff0d027c183dd8fd309e73e0e6d8c2a23237061895200d7fb276b4c27"},"/Users/joel/Workspace/purescript-huffman/output/Data.String.Unsafe/index.js":{"path":"/Users/joel/Workspace/purescript-huffman/output/Data.String.Unsafe/index.js","statementMap":{"0":{"start":{"line":3,"column":15},"end":{"line":3,"column":38}},"1":{"start":{"line":4,"column":0},"end":{"line":7,"column":2}}},"fnMap":{},"branchMap":{},"s":{"0":1,"1":1},"f":{},"b":{},"inputSourceMap":{"mappings":"","sources":[],"names":[],"version":3,"file":"index.js"},"_coverageSchema":"1a1c01bbd47fc00a2c39e90264f33305004495a9","hash":"0592ded50c10e65945552b12b84f21997393e61f","contentHash":"4aba7b2b6cd7638cdaa97313bd7af9d05f95a1c00b67d59e4a2d509837fbc868"},"/Users/joel/Workspace/purescript-huffman/output/Data.String.CodeUnits/index.js":{"path":"/Users/joel/Workspace/purescript-huffman/output/Data.String.CodeUnits/index.js","statementMap":{"0":{"start":{"line":3,"column":15},"end":{"line":3,"column":38}},"1":{"start":{"line":4,"column":19},"end":{"line":4,"column":54}},"2":{"start":{"line":5,"column":17},"end":{"line":5,"column":50}},"3":{"start":{"line":6,"column":25},"end":{"line":6,"column":66}},"4":{"start":{"line":7,"column":13},"end":{"line":15,"column":1}},"5":{"start":{"line":8,"column":4},"end":{"line":10,"column":5}},"6":{"start":{"line":9,"column":8},"end":{"line":9,"column":40}},"7":{"start":{"line":11,"column":4},"end":{"line":14,"column":7}},"8":{"start":{"line":16,"column":13},"end":{"line":16,"column":82}},"9":{"start":{"line":17,"column":16},"end":{"line":21,"column":1}},"10":{"start":{"line":18,"column":4},"end":{"line":20,"column":6}},"11":{"start":{"line":19,"column":8},"end":{"line":19,"column":60}},"12":{"start":{"line":22,"column":16},"end":{"line":26,"column":1}},"13":{"start":{"line":23,"column":4},"end":{"line":25,"column":6}},"14":{"start":{"line":24,"column":8},"end":{"line":24,"column":60}},"15":{"start":{"line":27,"column":18},"end":{"line":36,"column":1}},"16":{"start":{"line":28,"column":4},"end":{"line":35,"column":6}},"17":{"start":{"line":29,"column":17},"end":{"line":29,"column":85}},"18":{"start":{"line":30,"column":17},"end":{"line":30,"column":31}},"19":{"start":{"line":31,"column":8},"end":{"line":33,"column":9}},"20":{"start":{"line":32,"column":12},"end":{"line":32,"column":50}},"21":{"start":{"line":34,"column":8},"end":{"line":34,"column":40}},"22":{"start":{"line":37,"column":18},"end":{"line":46,"column":1}},"23":{"start":{"line":38,"column":4},"end":{"line":45,"column":6}},"24":{"start":{"line":39,"column":17},"end":{"line":39,"column":58}},"25":{"start":{"line":40,"column":18},"end":{"line":40,"column":33}},"26":{"start":{"line":41,"column":8},"end":{"line":43,"column":9}},"27":{"start":{"line":42,"column":12},"end":{"line":42,"column":49}},"28":{"start":{"line":44,"column":8},"end":{"line":44,"column":40}},"29":{"start":{"line":47,"column":12},"end":{"line":69,"column":1}},"30":{"start":{"line":48,"column":4},"end":{"line":68,"column":6}},"31":{"start":{"line":49,"column":8},"end":{"line":67,"column":10}},"32":{"start":{"line":50,"column":20},"end":{"line":50,"column":38}},"33":{"start":{"line":51,"column":23},"end":{"line":59,"column":13}},"34":{"start":{"line":52,"column":16},"end":{"line":54,"column":17}},"35":{"start":{"line":53,"column":20},"end":{"line":53,"column":37}},"36":{"start":{"line":55,"column":16},"end":{"line":57,"column":17}},"37":{"start":{"line":56,"column":20},"end":{"line":56,"column":29}},"38":{"start":{"line":58,"column":16},"end":{"line":58,"column":151}},"39":{"start":{"line":60,"column":26},"end":{"line":60,"column":33}},"40":{"start":{"line":61,"column":26},"end":{"line":61,"column":33}},"41":{"start":{"line":62,"column":22},"end":{"line":62,"column":106}},"42":{"start":{"line":63,"column":12},"end":{"line":65,"column":13}},"43":{"start":{"line":64,"column":16},"end":{"line":64,"column":48}},"44":{"start":{"line":66,"column":12},"end":{"line":66,"column":68}},"45":{"start":{"line":70,"column":24},"end":{"line":70,"column":108}},"46":{"start":{"line":71,"column":18},"end":{"line":71,"column":92}},"47":{"start":{"line":72,"column":20},"end":{"line":72,"column":100}},"48":{"start":{"line":73,"column":14},"end":{"line":73,"column":84}},"49":{"start":{"line":74,"column":16},"end":{"line":78,"column":1}},"50":{"start":{"line":75,"column":4},"end":{"line":77,"column":6}},"51":{"start":{"line":76,"column":8},"end":{"line":76,"column":60}},"52":{"start":{"line":79,"column":16},"end":{"line":83,"column":1}},"53":{"start":{"line":80,"column":4},"end":{"line":82,"column":6}},"54":{"start":{"line":81,"column":8},"end":{"line":81,"column":60}},"55":{"start":{"line":84,"column":15},"end":{"line":89,"column":1}},"56":{"start":{"line":85,"column":14},"end":{"line":85,"column":26}},"57":{"start":{"line":86,"column":4},"end":{"line":88,"column":6}},"58":{"start":{"line":87,"column":8},"end":{"line":87,"column":43}},"59":{"start":{"line":90,"column":13},"end":{"line":90,"column":82}},"60":{"start":{"line":91,"column":0},"end":{"line":115,"column":2}}},"fnMap":{"0":{"name":"(anonymous_0)","decl":{"start":{"line":7,"column":13},"end":{"line":7,"column":14}},"loc":{"start":{"line":7,"column":26},"end":{"line":15,"column":1}},"line":7},"1":{"name":"(anonymous_1)","decl":{"start":{"line":17,"column":16},"end":{"line":17,"column":17}},"loc":{"start":{"line":17,"column":29},"end":{"line":21,"column":1}},"line":17},"2":{"name":"(anonymous_2)","decl":{"start":{"line":18,"column":11},"end":{"line":18,"column":12}},"loc":{"start":{"line":18,"column":24},"end":{"line":20,"column":5}},"line":18},"3":{"name":"(anonymous_3)","decl":{"start":{"line":22,"column":16},"end":{"line":22,"column":17}},"loc":{"start":{"line":22,"column":29},"end":{"line":26,"column":1}},"line":22},"4":{"name":"(anonymous_4)","decl":{"start":{"line":23,"column":11},"end":{"line":23,"column":12}},"loc":{"start":{"line":23,"column":24},"end":{"line":25,"column":5}},"line":23},"5":{"name":"(anonymous_5)","decl":{"start":{"line":27,"column":18},"end":{"line":27,"column":19}},"loc":{"start":{"line":27,"column":31},"end":{"line":36,"column":1}},"line":27},"6":{"name":"(anonymous_6)","decl":{"start":{"line":28,"column":11},"end":{"line":28,"column":12}},"loc":{"start":{"line":28,"column":26},"end":{"line":35,"column":5}},"line":28},"7":{"name":"(anonymous_7)","decl":{"start":{"line":37,"column":18},"end":{"line":37,"column":19}},"loc":{"start":{"line":37,"column":31},"end":{"line":46,"column":1}},"line":37},"8":{"name":"(anonymous_8)","decl":{"start":{"line":38,"column":11},"end":{"line":38,"column":12}},"loc":{"start":{"line":38,"column":26},"end":{"line":45,"column":5}},"line":38},"9":{"name":"(anonymous_9)","decl":{"start":{"line":47,"column":12},"end":{"line":47,"column":13}},"loc":{"start":{"line":47,"column":25},"end":{"line":69,"column":1}},"line":47},"10":{"name":"(anonymous_10)","decl":{"start":{"line":48,"column":11},"end":{"line":48,"column":12}},"loc":{"start":{"line":48,"column":24},"end":{"line":68,"column":5}},"line":48},"11":{"name":"(anonymous_11)","decl":{"start":{"line":49,"column":15},"end":{"line":49,"column":16}},"loc":{"start":{"line":49,"column":28},"end":{"line":67,"column":9}},"line":49},"12":{"name":"(anonymous_12)","decl":{"start":{"line":51,"column":23},"end":{"line":51,"column":24}},"loc":{"start":{"line":51,"column":36},"end":{"line":59,"column":13}},"line":51},"13":{"name":"(anonymous_13)","decl":{"start":{"line":74,"column":16},"end":{"line":74,"column":17}},"loc":{"start":{"line":74,"column":29},"end":{"line":78,"column":1}},"line":74},"14":{"name":"(anonymous_14)","decl":{"start":{"line":75,"column":11},"end":{"line":75,"column":12}},"loc":{"start":{"line":75,"column":24},"end":{"line":77,"column":5}},"line":75},"15":{"name":"(anonymous_15)","decl":{"start":{"line":79,"column":16},"end":{"line":79,"column":17}},"loc":{"start":{"line":79,"column":29},"end":{"line":83,"column":1}},"line":79},"16":{"name":"(anonymous_16)","decl":{"start":{"line":80,"column":11},"end":{"line":80,"column":12}},"loc":{"start":{"line":80,"column":24},"end":{"line":82,"column":5}},"line":80},"17":{"name":"(anonymous_17)","decl":{"start":{"line":84,"column":15},"end":{"line":84,"column":16}},"loc":{"start":{"line":84,"column":30},"end":{"line":89,"column":1}},"line":84},"18":{"name":"(anonymous_18)","decl":{"start":{"line":86,"column":11},"end":{"line":86,"column":12}},"loc":{"start":{"line":86,"column":26},"end":{"line":88,"column":5}},"line":86}},"branchMap":{"0":{"loc":{"start":{"line":8,"column":4},"end":{"line":10,"column":5}},"type":"if","locations":[{"start":{"line":8,"column":4},"end":{"line":10,"column":5}},{"start":{"line":8,"column":4},"end":{"line":10,"column":5}}],"line":8},"1":{"loc":{"start":{"line":31,"column":8},"end":{"line":33,"column":9}},"type":"if","locations":[{"start":{"line":31,"column":8},"end":{"line":33,"column":9}},{"start":{"line":31,"column":8},"end":{"line":33,"column":9}}],"line":31},"2":{"loc":{"start":{"line":41,"column":8},"end":{"line":43,"column":9}},"type":"if","locations":[{"start":{"line":41,"column":8},"end":{"line":43,"column":9}},{"start":{"line":41,"column":8},"end":{"line":43,"column":9}}],"line":41},"3":{"loc":{"start":{"line":52,"column":16},"end":{"line":54,"column":17}},"type":"if","locations":[{"start":{"line":52,"column":16},"end":{"line":54,"column":17}},{"start":{"line":52,"column":16},"end":{"line":54,"column":17}}],"line":52},"4":{"loc":{"start":{"line":55,"column":16},"end":{"line":57,"column":17}},"type":"if","locations":[{"start":{"line":55,"column":16},"end":{"line":57,"column":17}},{"start":{"line":55,"column":16},"end":{"line":57,"column":17}}],"line":55},"5":{"loc":{"start":{"line":62,"column":22},"end":{"line":62,"column":106}},"type":"binary-expr","locations":[{"start":{"line":62,"column":22},"end":{"line":62,"column":33}},{"start":{"line":62,"column":38},"end":{"line":62,"column":50}},{"start":{"line":62,"column":55},"end":{"line":62,"column":66}},{"start":{"line":62,"column":71},"end":{"line":62,"column":82}},{"start":{"line":62,"column":86},"end":{"line":62,"column":103}}],"line":62},"6":{"loc":{"start":{"line":63,"column":12},"end":{"line":65,"column":13}},"type":"if","locations":[{"start":{"line":63,"column":12},"end":{"line":65,"column":13}},{"start":{"line":63,"column":12},"end":{"line":65,"column":13}}],"line":63}},"s":{"0":1,"1":1,"2":1,"3":1,"4":1,"5":0,"6":0,"7":0,"8":1,"9":1,"10":0,"11":0,"12":1,"13":0,"14":0,"15":1,"16":0,"17":0,"18":0,"19":0,"20":0,"21":0,"22":1,"23":0,"24":0,"25":0,"26":0,"27":0,"28":0,"29":1,"30":106,"31":106,"32":106,"33":106,"34":212,"35":0,"36":212,"37":212,"38":0,"39":106,"40":106,"41":106,"42":106,"43":0,"44":106,"45":1,"46":1,"47":1,"48":1,"49":1,"50":0,"51":0,"52":1,"53":0,"54":0,"55":1,"56":0,"57":0,"58":0,"59":1,"60":1},"f":{"0":0,"1":0,"2":0,"3":0,"4":0,"5":0,"6":0,"7":0,"8":0,"9":106,"10":106,"11":106,"12":212,"13":0,"14":0,"15":0,"16":0,"17":0,"18":0},"b":{"0":[0,0],"1":[0,0],"2":[0,0],"3":[0,212],"4":[212,0],"5":[106,106,106,106,106],"6":[0,106]},"inputSourceMap":{"mappings":";;;AAAA;AAAA;AAAA;AA2IA,aAAA;IACO,IAAP;;;IACO,2BAAU;wCAAiB,GADlC;4BACqD,GADrD;;;AAlBA;AA4IA,gBAAA;WAAA;kDACkC,GAAE,IAAG;;;AAXvC,gBAAA;WAAA;6CAC6B,KAAI,IAAX,GAAc;;;AAnMpC,kBAAA;WAAA;QAAA,0CACA,uBAAA,KACmC,GADnC;iBADA,aACA;QAEE;uCAHF;;QAGE;;;AAhBF,kBAAA;WAAA;QAAA,0CACA,IAAA;kBADA,cACA;QAEE;uCAHF;;QAGE;;;AA+PF,YAAA;WAAA;eAAA;YAOI,wBAAW;YACX,WAAA;gBAAK,IAAL,IAAa;2BAAI,IAAjB,IAAiB;;gBAAZ;2BAAL;;iIAAA;;YAGA,cAAK,KAAK;YADV,cAAK,KAAK;sBATG,UAAK,MAAK,WAAM,MAChB,UAAK,MAAK,UAAM,KAChB,UAAK;YAFR;;;YAAA,8CAIkB,GAAE,GAAE;;;;AAjFpC;AArBA;AAnBA;AAnBA;AAwHA,gBAAA;WAAA;kDACkC,GAAE,IAAG;;;AAVvC,gBAAA;WAAA;6CAC6B,KAAI,IAAX,GAAc;;;AAnNpC,eAAA;IACe,UAAW,QAAQ;WAAnB,eAAA;iCAAW,IAAX;;;AAmCf","sources":["../../.spago/strings/v4.0.2/src/Data/String/CodeUnits.purs"],"names":[],"version":3,"file":"index.js"},"_coverageSchema":"1a1c01bbd47fc00a2c39e90264f33305004495a9","hash":"44c37826991d21670a3d1a3312a50ec217bff4a6","contentHash":"b42732d042ace406272d494ccde297d41ee62babe3acf1d5ec8838ba1081fe50"},"/Users/joel/Workspace/purescript-huffman/output/Global/index.js":{"path":"/Users/joel/Workspace/purescript-huffman/output/Global/index.js","statementMap":{"0":{"start":{"line":3,"column":15},"end":{"line":3,"column":38}},"1":{"start":{"line":4,"column":20},"end":{"line":4,"column":56}},"2":{"start":{"line":5,"column":17},"end":{"line":5,"column":50}},"3":{"start":{"line":6,"column":18},"end":{"line":10,"column":1}},"4":{"start":{"line":7,"column":4},"end":{"line":9,"column":6}},"5":{"start":{"line":8,"column":8},"end":{"line":8,"column":125}},"6":{"start":{"line":11,"column":14},"end":{"line":15,"column":1}},"7":{"start":{"line":12,"column":4},"end":{"line":14,"column":6}},"8":{"start":{"line":13,"column":8},"end":{"line":13,"column":121}},"9":{"start":{"line":16,"column":20},"end":{"line":20,"column":1}},"10":{"start":{"line":17,"column":4},"end":{"line":19,"column":6}},"11":{"start":{"line":18,"column":8},"end":{"line":18,"column":127}},"12":{"start":{"line":21,"column":27},"end":{"line":23,"column":1}},"13":{"start":{"line":22,"column":4},"end":{"line":22,"column":120}},"14":{"start":{"line":24,"column":18},"end":{"line":26,"column":1}},"15":{"start":{"line":25,"column":4},"end":{"line":25,"column":111}},"16":{"start":{"line":27,"column":27},"end":{"line":29,"column":1}},"17":{"start":{"line":28,"column":4},"end":{"line":28,"column":120}},"18":{"start":{"line":30,"column":18},"end":{"line":32,"column":1}},"19":{"start":{"line":31,"column":4},"end":{"line":31,"column":111}},"20":{"start":{"line":33,"column":0},"end":{"line":47,"column":2}}},"fnMap":{"0":{"name":"(anonymous_0)","decl":{"start":{"line":6,"column":18},"end":{"line":6,"column":19}},"loc":{"start":{"line":6,"column":36},"end":{"line":10,"column":1}},"line":6},"1":{"name":"(anonymous_1)","decl":{"start":{"line":7,"column":11},"end":{"line":7,"column":12}},"loc":{"start":{"line":7,"column":24},"end":{"line":9,"column":5}},"line":7},"2":{"name":"(anonymous_2)","decl":{"start":{"line":11,"column":14},"end":{"line":11,"column":15}},"loc":{"start":{"line":11,"column":32},"end":{"line":15,"column":1}},"line":11},"3":{"name":"(anonymous_3)","decl":{"start":{"line":12,"column":11},"end":{"line":12,"column":12}},"loc":{"start":{"line":12,"column":24},"end":{"line":14,"column":5}},"line":12},"4":{"name":"(anonymous_4)","decl":{"start":{"line":16,"column":20},"end":{"line":16,"column":21}},"loc":{"start":{"line":16,"column":38},"end":{"line":20,"column":1}},"line":16},"5":{"name":"(anonymous_5)","decl":{"start":{"line":17,"column":11},"end":{"line":17,"column":12}},"loc":{"start":{"line":17,"column":24},"end":{"line":19,"column":5}},"line":17},"6":{"name":"(anonymous_6)","decl":{"start":{"line":21,"column":27},"end":{"line":21,"column":28}},"loc":{"start":{"line":21,"column":40},"end":{"line":23,"column":1}},"line":21},"7":{"name":"(anonymous_7)","decl":{"start":{"line":24,"column":18},"end":{"line":24,"column":19}},"loc":{"start":{"line":24,"column":31},"end":{"line":26,"column":1}},"line":24},"8":{"name":"(anonymous_8)","decl":{"start":{"line":27,"column":27},"end":{"line":27,"column":28}},"loc":{"start":{"line":27,"column":40},"end":{"line":29,"column":1}},"line":27},"9":{"name":"(anonymous_9)","decl":{"start":{"line":30,"column":18},"end":{"line":30,"column":19}},"loc":{"start":{"line":30,"column":31},"end":{"line":32,"column":1}},"line":30}},"branchMap":{},"s":{"0":1,"1":1,"2":1,"3":1,"4":0,"5":0,"6":1,"7":0,"8":0,"9":1,"10":0,"11":0,"12":1,"13":0,"14":1,"15":0,"16":1,"17":0,"18":1,"19":0,"20":1},"f":{"0":0,"1":0,"2":0,"3":0,"4":0,"5":0,"6":0,"7":0,"8":0,"9":0},"b":{},"inputSourceMap":{"mappings":";;;AAEA;AAAA;AA6DA,kBAAA;WAAA;kHACgE,QAAO;;;AAfvE,cAAA;WAAA;8GACwD,QAAO;;;AAM/D,oBAAA;WAAA;oHACoE,QAAO;;;AAkC3E,2BAAA;qHACuE;;AAXvE,kBAAA;4GACqD;;AAIrD,2BAAA;qHACuE;;AAXvE,kBAAA;4GACqD","sources":["../../.spago/globals/v5.0.0/src/Global.purs"],"names":[],"version":3,"file":"index.js"},"_coverageSchema":"1a1c01bbd47fc00a2c39e90264f33305004495a9","hash":"d1a7acc49acb87895328e136f689dbd7e2b4d748","contentHash":"5faa457d9267993c7cbef6be8f3af098c02c672117f7965e902e905f3cefef1a"},"/Users/joel/Workspace/purescript-huffman/output/Math/index.js":{"path":"/Users/joel/Workspace/purescript-huffman/output/Math/index.js","statementMap":{"0":{"start":{"line":3,"column":15},"end":{"line":3,"column":38}},"1":{"start":{"line":4,"column":0},"end":{"line":33,"column":2}}},"fnMap":{},"branchMap":{},"s":{"0":1,"1":1},"f":{},"b":{},"inputSourceMap":{"mappings":"","sources":[],"names":[],"version":3,"file":"index.js"},"_coverageSchema":"1a1c01bbd47fc00a2c39e90264f33305004495a9","hash":"1666945f484fd7c704c00630a981a3ca08e7e209","contentHash":"9ac207584f09a06b3bed5ace87d708e7cc82138a1ad3bf8fcb7bad0050b324e2"},"/Users/joel/Workspace/purescript-huffman/output/Data.String.Regex/index.js":{"path":"/Users/joel/Workspace/purescript-huffman/output/Data.String.Regex/index.js","statementMap":{"0":{"start":{"line":3,"column":15},"end":{"line":3,"column":38}},"1":{"start":{"line":4,"column":18},"end":{"line":4,"column":52}},"2":{"start":{"line":5,"column":17},"end":{"line":5,"column":50}},"3":{"start":{"line":6,"column":16},"end":{"line":6,"column":48}},"4":{"start":{"line":7,"column":28},"end":{"line":7,"column":72}},"5":{"start":{"line":8,"column":30},"end":{"line":8,"column":76}},"6":{"start":{"line":9,"column":16},"end":{"line":9,"column":58}},"7":{"start":{"line":10,"column":13},"end":{"line":10,"column":82}},"8":{"start":{"line":11,"column":20},"end":{"line":11,"column":38}},"9":{"start":{"line":12,"column":18},"end":{"line":39,"column":1}},"10":{"start":{"line":13,"column":4},"end":{"line":38,"column":12}},"11":{"start":{"line":14,"column":8},"end":{"line":16,"column":9}},"12":{"start":{"line":15,"column":12},"end":{"line":15,"column":23}},"13":{"start":{"line":17,"column":8},"end":{"line":17,"column":18}},"14":{"start":{"line":19,"column":8},"end":{"line":21,"column":9}},"15":{"start":{"line":20,"column":12},"end":{"line":20,"column":23}},"16":{"start":{"line":22,"column":8},"end":{"line":22,"column":18}},"17":{"start":{"line":24,"column":8},"end":{"line":26,"column":9}},"18":{"start":{"line":25,"column":12},"end":{"line":25,"column":23}},"19":{"start":{"line":27,"column":8},"end":{"line":27,"column":18}},"20":{"start":{"line":29,"column":8},"end":{"line":31,"column":9}},"21":{"start":{"line":30,"column":12},"end":{"line":30,"column":23}},"22":{"start":{"line":32,"column":8},"end":{"line":32,"column":18}},"23":{"start":{"line":34,"column":8},"end":{"line":36,"column":9}},"24":{"start":{"line":35,"column":12},"end":{"line":35,"column":23}},"25":{"start":{"line":37,"column":8},"end":{"line":37,"column":18}},"26":{"start":{"line":40,"column":12},"end":{"line":44,"column":1}},"27":{"start":{"line":41,"column":4},"end":{"line":43,"column":6}},"28":{"start":{"line":42,"column":8},"end":{"line":42,"column":104}},"29":{"start":{"line":45,"column":17},"end":{"line":53,"column":1}},"30":{"start":{"line":46,"column":4},"end":{"line":52,"column":7}},"31":{"start":{"line":54,"column":12},"end":{"line":54,"column":80}},"32":{"start":{"line":55,"column":12},"end":{"line":57,"column":1}},"33":{"start":{"line":56,"column":4},"end":{"line":56,"column":77}},"34":{"start":{"line":58,"column":0},"end":{"line":71,"column":2}}},"fnMap":{"0":{"name":"(anonymous_0)","decl":{"start":{"line":12,"column":18},"end":{"line":12,"column":19}},"loc":{"start":{"line":12,"column":31},"end":{"line":39,"column":1}},"line":12},"1":{"name":"(anonymous_1)","decl":{"start":{"line":13,"column":12},"end":{"line":13,"column":13}},"loc":{"start":{"line":13,"column":24},"end":{"line":18,"column":5}},"line":13},"2":{"name":"(anonymous_2)","decl":{"start":{"line":18,"column":13},"end":{"line":18,"column":14}},"loc":{"start":{"line":18,"column":25},"end":{"line":23,"column":5}},"line":18},"3":{"name":"(anonymous_3)","decl":{"start":{"line":23,"column":13},"end":{"line":23,"column":14}},"loc":{"start":{"line":23,"column":25},"end":{"line":28,"column":5}},"line":23},"4":{"name":"(anonymous_4)","decl":{"start":{"line":28,"column":13},"end":{"line":28,"column":14}},"loc":{"start":{"line":28,"column":25},"end":{"line":33,"column":5}},"line":28},"5":{"name":"(anonymous_5)","decl":{"start":{"line":33,"column":12},"end":{"line":33,"column":13}},"loc":{"start":{"line":33,"column":24},"end":{"line":38,"column":5}},"line":33},"6":{"name":"(anonymous_6)","decl":{"start":{"line":40,"column":12},"end":{"line":40,"column":13}},"loc":{"start":{"line":40,"column":25},"end":{"line":44,"column":1}},"line":40},"7":{"name":"(anonymous_7)","decl":{"start":{"line":41,"column":11},"end":{"line":41,"column":12}},"loc":{"start":{"line":41,"column":24},"end":{"line":43,"column":5}},"line":41},"8":{"name":"(anonymous_8)","decl":{"start":{"line":45,"column":17},"end":{"line":45,"column":18}},"loc":{"start":{"line":45,"column":30},"end":{"line":53,"column":1}},"line":45},"9":{"name":"(anonymous_9)","decl":{"start":{"line":55,"column":12},"end":{"line":55,"column":13}},"loc":{"start":{"line":55,"column":26},"end":{"line":57,"column":1}},"line":55}},"branchMap":{"0":{"loc":{"start":{"line":14,"column":8},"end":{"line":16,"column":9}},"type":"if","locations":[{"start":{"line":14,"column":8},"end":{"line":16,"column":9}},{"start":{"line":14,"column":8},"end":{"line":16,"column":9}}],"line":14},"1":{"loc":{"start":{"line":19,"column":8},"end":{"line":21,"column":9}},"type":"if","locations":[{"start":{"line":19,"column":8},"end":{"line":21,"column":9}},{"start":{"line":19,"column":8},"end":{"line":21,"column":9}}],"line":19},"2":{"loc":{"start":{"line":24,"column":8},"end":{"line":26,"column":9}},"type":"if","locations":[{"start":{"line":24,"column":8},"end":{"line":26,"column":9}},{"start":{"line":24,"column":8},"end":{"line":26,"column":9}}],"line":24},"3":{"loc":{"start":{"line":29,"column":8},"end":{"line":31,"column":9}},"type":"if","locations":[{"start":{"line":29,"column":8},"end":{"line":31,"column":9}},{"start":{"line":29,"column":8},"end":{"line":31,"column":9}}],"line":29},"4":{"loc":{"start":{"line":34,"column":8},"end":{"line":36,"column":9}},"type":"if","locations":[{"start":{"line":34,"column":8},"end":{"line":36,"column":9}},{"start":{"line":34,"column":8},"end":{"line":36,"column":9}}],"line":34}},"s":{"0":1,"1":1,"2":1,"3":1,"4":1,"5":1,"6":1,"7":1,"8":1,"9":1,"10":0,"11":0,"12":0,"13":0,"14":0,"15":0,"16":0,"17":0,"18":0,"19":0,"20":0,"21":0,"22":0,"23":0,"24":0,"25":0,"26":1,"27":0,"28":0,"29":1,"30":0,"31":1,"32":1,"33":0,"34":1},"f":{"0":0,"1":0,"2":0,"3":0,"4":0,"5":0,"6":0,"7":0,"8":0,"9":0},"b":{"0":[0,0],"1":[0,0],"2":[0,0],"3":[0,0],"4":[0,0]},"inputSourceMap":{"mappings":";;;AAGA;AAAA;AAAA;AAAA;AAAA;AA6BA;AAqFA;AAdA;AA7CA,kBAAA;IACa;QACV,IADH;mBACoB;;QAAjB,OAA0B;;QAC1B,IAFH;mBAEwB;;QAArB,OAA8B;;QAC9B,IAHH;mBAGuB;;QAApB,OAA6B;;QAC7B,IAJH;mBAIoB;;QAAjB,OAA0B;;QAC1B,IALH;mBAKqB;;QAAlB,OAA2B;;;AApB9B,YAAA;WAAA;qFACiC,GAAI,YAAY;;;AAsBjD,iBAAA;kDAEE;+CAAoB,KAAa;mDACT,KAAa;kDACd,KAAa;+CAChB,KAAa;gDACZ,KAAa;;;AAmBpC;AAzCA,YACQ,cAAA;wEAAA","sources":["../../.spago/strings/v4.0.2/src/Data/String/Regex.purs"],"names":[],"version":3,"file":"index.js"},"_coverageSchema":"1a1c01bbd47fc00a2c39e90264f33305004495a9","hash":"dc4642d229979905fc2d9390baa463a6bcac4c16","contentHash":"166d46c3d0d2675974d41544f8175ab2d5018137323b195a3d5332986e943417"},"/Users/joel/Workspace/purescript-huffman/output/Test.Huffman.Codewords/index.js":{"path":"/Users/joel/Workspace/purescript-huffman/output/Test.Huffman.Codewords/index.js","statementMap":{"0":{"start":{"line":3,"column":20},"end":{"line":3,"column":56}},"1":{"start":{"line":4,"column":24},"end":{"line":4,"column":64}},"2":{"start":{"line":5,"column":17},"end":{"line":5,"column":50}},"3":{"start":{"line":6,"column":24},"end":{"line":6,"column":64}},"4":{"start":{"line":7,"column":21},"end":{"line":7,"column":58}},"5":{"start":{"line":8,"column":18},"end":{"line":8,"column":52}},"6":{"start":{"line":9,"column":20},"end":{"line":30,"column":1}},"7":{"start":{"line":10,"column":4},"end":{"line":13,"column":9}},"8":{"start":{"line":14,"column":4},"end":{"line":17,"column":9}},"9":{"start":{"line":18,"column":4},"end":{"line":21,"column":9}},"10":{"start":{"line":22,"column":4},"end":{"line":25,"column":9}},"11":{"start":{"line":26,"column":4},"end":{"line":29,"column":9}},"12":{"start":{"line":31,"column":0},"end":{"line":33,"column":2}}},"fnMap":{"0":{"name":"__do","decl":{"start":{"line":9,"column":29},"end":{"line":9,"column":33}},"loc":{"start":{"line":9,"column":36},"end":{"line":30,"column":1}},"line":9}},"branchMap":{},"s":{"0":1,"1":1,"2":1,"3":1,"4":1,"5":1,"6":1,"7":1,"8":1,"9":1,"10":1,"11":1,"12":1},"f":{"0":1},"b":{},"inputSourceMap":{"mappings":";;AAAA;AAAA;AAAA;AAAA;AAAA;AAAA;AAUA,oBAEE;4FACE;mDAA2B;;;4FAI3B;mDAA2B;0EACQ,KAAY;;4FAG/C;mDAA2B;oIAGnB,uBAAS,KAAY,2BACZ,KAAY;;4FAI7B;mDAA2B;oIAGnB,uBAAS,KAAY,4BACZ,KAAY,4BACZ,KAAY,4BACZ,KAAY;;mGAI7B;mDAA2B;oIAGnB,uBAAS,KAAY,4BACZ,KAAY,4BACZ,KAAY","sources":["../../test/Huffman/Codewords.purs"],"names":[],"version":3,"file":"index.js"},"_coverageSchema":"1a1c01bbd47fc00a2c39e90264f33305004495a9","hash":"ecd9ac64298e1a68276111279aff68e5111e2561","contentHash":"6116daeb6847fb5db65e6fd298229932484e6a9058c79d3519f207c36b46bd12"},"/Users/joel/Workspace/purescript-huffman/output/Huffman.Codewords/index.js":{"path":"/Users/joel/Workspace/purescript-huffman/output/Huffman.Codewords/index.js","statementMap":{"0":{"start":{"line":3,"column":17},"end":{"line":3,"column":50}},"1":{"start":{"line":4,"column":14},"end":{"line":4,"column":44}},"2":{"start":{"line":5,"column":20},"end":{"line":5,"column":56}},"3":{"start":{"line":6,"column":24},"end":{"line":6,"column":64}},"4":{"start":{"line":7,"column":16},"end":{"line":7,"column":48}},"5":{"start":{"line":8,"column":17},"end":{"line":8,"column":50}},"6":{"start":{"line":9,"column":25},"end":{"line":9,"column":66}},"7":{"start":{"line":10,"column":21},"end":{"line":10,"column":58}},"8":{"start":{"line":11,"column":19},"end":{"line":11,"column":54}},"9":{"start":{"line":12,"column":22},"end":{"line":12,"column":60}},"10":{"start":{"line":13,"column":16},"end":{"line":15,"column":1}},"11":{"start":{"line":14,"column":4},"end":{"line":14,"column":13}},"12":{"start":{"line":16,"column":20},"end":{"line":18,"column":2}},"13":{"start":{"line":17,"column":4},"end":{"line":17,"column":105}},"14":{"start":{"line":19,"column":18},"end":{"line":23,"column":2}},"15":{"start":{"line":20,"column":4},"end":{"line":22,"column":6}},"16":{"start":{"line":21,"column":8},"end":{"line":21,"column":101}},"17":{"start":{"line":24,"column":19
[...]
}},"17":{"start":{"line":22,"column":12},"end":{"line":22,"column":56}},"18":{"start":{"line":25,"column":4},"end":{"line":25,"column":159}},"19":{"start":{"line":27,"column":16},"end":{"line":31,"column":2}},"20":{"start":{"line":28,"column":4},"end":{"line":30,"column":6}},"21":{"start":{"line":29,"column":8},"end":{"line":29,"column":101}},"22":{"start":{"line":32,"column":0},"end":{"line":37,"column":2}}},"fnMap":{"0":{"name":"(anonymous_0)","decl":{"start":{"line":12,"column":14},"end":{"line":12,"column":15}},"loc":{"start":{"line":12,"column":27},"end":{"line":14,"column":1}},"line":12},"1":{"name":"(anonymous_1)","decl":{"start":{"line":15,"column":37},"end":{"line":15,"column":38}},"loc":{"start":{"line":15,"column":50},"end":{"line":17,"column":1}},"line":15},"2":{"name":"(anonymous_2)","decl":{"start":{"line":18,"column":21},"end":{"line":18,"column":22}},"loc":{"start":{"line":18,"column":34},"end":{"line":26,"column":1}},"line":18},"3":{"name":"(anonymous_3)","decl":{"start":{"line":20,"column":20},"end":{"line":20,"column":21}},"loc":{"start":{"line":20,"column":37},"end":{"line":24,"column":5}},"line":20},"4":{"name":"(anonymous_4)","decl":{"start":{"line":21,"column":15},"end":{"line":21,"column":16}},"loc":{"start":{"line":21,"column":28},"end":{"line":23,"column":9}},"line":21},"5":{"name":"(anonymous_5)","decl":{"start":{"line":27,"column":31},"end":{"line":27,"column":32}},"loc":{"start":{"line":27,"column":44},"end":{"line":31,"column":1}},"line":27},"6":{"name":"(anonymous_6)","decl":{"start":{"line":28,"column":11},"end":{"line":28,"column":12}},"loc":{"start":{"line":28,"column":25},"end":{"line":30,"column":5}},"line":28}},"branchMap":{},"s":{"0":1,"1":1,"2":1,"3":1,"4":1,"5":1,"6":1,"7":1,"8":1,"9":1,"10":13,"11":1,"12":2,"13":1,"14":12,"15":12,"16":12,"17":50,"18":12,"19":1,"20":1,"21":1,"22":1},"f":{"0":13,"1":2,"2":12,"3":12,"4":50,"5":1,"6":1},"b":{},"inputSourceMap":{"mappings":";;AAAA;AAAA;AAAA;AAAA;AAAA;AAAA;AAAA;AAAA;AAAA;AASA,cAAA;WAAA;;AAMA,qCAAA;IACQ,kGAAN;;AAEF,qBAAA;IAGE,0HAFF;IAIE,gBAAA;eAAA;oBAAqB,wBAAe,UAAS;;;WAJb,gGAAU,UAAU,sCAAtD;;AAPA,+BAAA;WAAA;QACM,sFAAJ,GAAA","sources":["../../src/Huffman/Weights.purs"],"names":[],"version":3,"file":"index.js"},"_coverageSchema":"1a1c01bbd47fc00a2c39e90264f33305004495a9","hash":"e0b018fe744aabbcd52bbeede41f7385537cd9d0","contentHash":"ffb223e6e2693bee864fcc3f5a659257bb2454a82bb046aaa7c9ff925bcec428"},"/Users/joel/Workspace/purescript-huffman/output/Test.Huffman.Encode/index.js":{"path":"/Users/joel/Workspace/purescript-huffman/output/Test.Huffman.Encode/index.js","statementMap":{"0":{"start":{"line":3,"column":14},"end":{"line":3,"column":44}},"1":{"start":{"line":4,"column":16},"end":{"line":4,"column":48}},"2":{"start":{"line":5,"column":24},"end":{"line":5,"column":64}},"3":{"start":{"line":6,"column":21},"end":{"line":6,"column":58}},"4":{"start":{"line":7,"column":18},"end":{"line":7,"column":52}},"5":{"start":{"line":8,"column":17},"end":{"line":16,"column":4}},"6":{"start":{"line":9,"column":20},"end":{"line":9,"column":134}},"7":{"start":{"line":10,"column":18},"end":{"line":10,"column":134}},"8":{"start":{"line":11,"column":18},"end":{"line":11,"column":63}},"9":{"start":{"line":12,"column":4},"end":{"line":15,"column":7}},"10":{"start":{"line":17,"column":0},"end":{"line":19,"column":2}}},"fnMap":{"0":{"name":"(anonymous_0)","decl":{"start":{"line":8,"column":18},"end":{"line":8,"column":19}},"loc":{"start":{"line":8,"column":30},"end":{"line":16,"column":1}},"line":8}},"branchMap":{},"s":{"0":1,"1":1,"2":1,"3":1,"4":1,"5":1,"6":1,"7":1,"8":1,"9":1,"10":1},"f":{"0":1},"b":{},"inputSourceMap":{"mappings":";;AAAA;AAAA;AAAA;AAAA;AAAA;AAQA;IAUE,mDANO;IAIP,wCAJO,gFAImB;IAF1B,wCAAqB,SAAQ;2EAJjB;gBAAU;kBAEf","sources":["../../test/Huffman/Encode.purs"],"names":[],"version":3,"file":"index.js"},"_coverageSchema":"1a1c01bbd47fc00a2c39e90264f33305004495a9","hash":"f6fc01bbaa1510b2191d62857c1c50c87850df4b","contentHash":"39f249eb8954d2ad6ed16417e54ceb92712eba46acda958c425c2714c1a2e858"},"/Users/joel/Workspace/purescript-huffman/output/Huffman.Encode/index.js":{"path":"/Users/joel/Workspace/purescript-huffman/output/Huffman.Encode/index.js","statementMap":{"0":{"start":{"line":3,"column":17},"end":{"line":3,"column":50}},"1":{"start":{"line":4,"column":19},"end":{"line":4,"column":54}},"2":{"start":{"line":5,"column":20},"end":{"line":5,"column":56}},"3":{"start":{"line":6,"column":19},"end":{"line":6,"column":54}},"4":{"start":{"line":7,"column":15},"end":{"line":7,"column":46}},"5":{"start":{"line":8,"column":24},"end":{"line":8,"column":64}},"6":{"start":{"line":9,"column":17},"end":{"line":9,"column":50}},"7":{"start":{"line":10,"column":15},"end":{"line":10,"column":46}},"8":{"start":{"line":11,"column":28},"end":{"line":11,"column":72}},"9":{"start":{"line":12,"column":25},"end":{"line":12,"column":66}},"10":{"start":{"line":13,"column":25},"end":{"line":13,"column":66}},"11":{"start":{"line":14,"column":24},"end":{"line":14,"column":64}},"12":{"start":{"line":15,"column":22},"end":{"line":15,"column":60}},"13":{"start":{"line":16,"column":21},"end":{"line":16,"column":58}},"14":{"start":{"line":17,"column":24},"end":{"line":17,"column":64}},"15":{"start":{"line":18,"column":17},"end":{"line":30,"column":1}},"16":{"start":{"line":19,"column":4},"end":{"line":29,"column":6}},"17":{"start":{"line":20,"column":22},"end":{"line":22,"column":45}},"18":{"start":{"line":21,"column":12},"end":{"line":21,"column":76}},"19":{"start":{"line":23,"column":22},"end":{"line":27,"column":9}},"20":{"start":{"line":24,"column":12},"end":{"line":26,"column":14}},"21":{"start":{"line":25,"column":16},"end":{"line":25,"column":112}},"22":{"start":{"line":28,"column":8},"end":{"line":28,"column":86}},"23":{"start":{"line":31,"column":17},"end":{"line":47,"column":1}},"24":{"start":{"line":32,"column":4},"end":{"line":46,"column":6}},"25":{"start":{"line":33,"column":8},"end":{"line":35,"column":9}},"26":{"start":{"line":34,"column":12},"end":{"line":34,"column":22}},"27":{"start":{"line":36,"column":8},"end":{"line":44,"column":9}},"28":{"start":{"line":37,"column":24},"end":{"line":39,"column":17}},"29":{"start":{"line":38,"column":16},"end":{"line":38,"column":60}},"30":{"start":{"line":40,"column":25},"end":{"line":40,"column":145}},"31":{"start":{"line":41,"column":27},"end":{"line":41,"column":118}},"32":{"start":{"line":42,"column":28},"end":{"line":42,"column":70}},"33":{"start":{"line":43,"column":12},"end":{"line":43,"column":78}},"34":{"start":{"line":45,"column":8},"end":{"line":45,"column":156}},"35":{"start":{"line":48,"column":0},"end":{"line":51,"column":2}}},"fnMap":{"0":{"name":"(anonymous_0)","decl":{"start":{"line":18,"column":17},"end":{"line":18,"column":18}},"loc":{"start":{"line":18,"column":32},"end":{"line":30,"column":1}},"line":18},"1":{"name":"(anonymous_1)","decl":{"start":{"line":19,"column":11},"end":{"line":19,"column":12}},"loc":{"start":{"line":19,"column":24},"end":{"line":29,"column":5}},"line":19},"2":{"name":"(anonymous_2)","decl":{"start":{"line":20,"column":66},"end":{"line":20,"column":67}},"loc":{"start":{"line":20,"column":80},"end":{"line":22,"column":9}},"line":20},"3":{"name":"(anonymous_3)","decl":{"start":{"line":23,"column":22},"end":{"line":23,"column":23}},"loc":{"start":{"line":23,"column":37},"end":{"line":27,"column":9}},"line":23},"4":{"name":"(anonymous_4)","decl":{"start":{"line":24,"column":19},"end":{"line":24,"column":20}},"loc":{"start":{"line":24,"column":32},"end":{"line":26,"column":13}},"line":24},"5":{"name":"(anonymous_5)","decl":{"start":{"line":31,"column":17},"end":{"line":31,"column":18}},"loc":{"start":{"line":31,"column":32},"end":{"line":47,"column":1}},"line":31},"6":{"name":"(anonymous_6)","decl":{"start":{"line":32,"column":11},"end":{"line":32,"column":12}},"loc":{"start":{"line":32,"column":24},"end":{"line":46,"column":5}},"line":32},"7":{"name":"(anonymous_7)","decl":{"start":{"line":37,"column":75},"end":{"line":37,"column":76}},"loc":{"start":{"line":37,"column":88},"end":{"line":39,"column":13}},"line":37}},"branchMap":{"0":{"loc":{"start":{"line":33,"column":8},"end":{"line":35,"column":9}},"type":"if","locations":[{"start":{"line":33,"column":8},"end":{"line":35,"column":9}},{"start":{"line":33,"column":8},"end":{"line":35,"column":9}}],"line":33},"1":{"loc":{"start":{"line":36,"column":8},"end":{"line":44,"column":9}},"type":"if","locations":[{"start":{"line":36,"column":8},"end":{"line":44,"column":9}},{"start":{"line":36,"column":8},"end":{"line":44,"column":9}}],"line":36}},"s":{"0":1,"1":1,"2":1,"3":1,"4":1,"5":1,"6":1,"7":1,"8":1,"9":1,"10":1,"11":1,"12":1,"13":1,"14":1,"15":1,"16":1,"17":1,"18":76,"19":1,"20":76,"21":76,"22":1,"23":1,"24":77,"25":77,"26":1,"27":76,"28":76,"29":1824,"30":76,"31":76,"32":76,"33":76,"34":0,"35":1},"f":{"0":1,"1":1,"2":76,"3":76,"4":76,"5":77,"6":77,"7":1824},"b":{"0":[1,76],"1":[76,0]},"inputSourceMap":{"mappings":";;AAAA;AAAA;AAAA;AAAA;AAAA;AAAA;AAAA;AAAA;AAAA;AAAA;AAAA;AAAA;AAAA;AAAA;AAAA;AAiBA,iBAAA;WAAA;QAGE,0DAAU,cAAA;uEAAA;oCAA2B,IAFvC;QAIE,cAAA;mBAAA;uBAAgB,2BAAkB,uDAAW,GAJ/C;;;gEAA6C,SAAQ,IAAG;;;AAMxD,iBAAA;WAAA;QACW,iCAAX,SACkB;mBAAI;;QADX;YAIP,+DAAgB;oDAAiB,GAJrC;eAAA;YAMI,kCAAoB,0FAA6C;YAEjE,oCAAqB,uDAAY,QAAO;YAExC,4CAAsB,UAV1B;2CAEyB,UAAU,WAAW,WAF9C;;gHAAA,sBAAA","sources":["../../src/Huffman/Encode.purs"],"names":[],"version":3,"file":"index.js"},"_coverageSchema":"1a1c01bbd47fc00a2c39e90264f33305004495a9","hash":"b815336bc409d9259aba4efc6a61384a4b94f05c","contentHash":"58d399cf3a7f774323fea6d5cdda502ec899243e8d13898675bf012b2183a4be"},"/Users/joel/Workspace/purescript-huffman/output/Data.Map/index.js":{"path":"/Users/joel/Workspace/purescript-huffman/output/Data.Map/index.js","statementMap":{"0":{"start":{"line":3,"column":19},"end":{"line":3,"column":54}},"1":{"start":{"line":4,"column":24},"end":{"line":4,"column":64}},"2":{"start":{"line":5,"column":11},"end":{"line":10,"column":4}},"3":{"start":{"line":6,"column":13},"end":{"line":6,"column":63}},"4":{"start":{"line":7,"column":4},"end":{"line":9,"column":6}},"5":{"start":{"line":8,"column":8},"end":{"line":8,"column":22}},"6":{"start":{"line":11,"column":0},"end":{"line":13,"column":2}}},"fnMap":{"0":{"name":"(anonymous_0)","decl":{"start":{"line":5,"column":12},"end":{"line":5,"column":13}},"loc":{"start":{"line":5,"column":24},"end":{"line":10,"column":1}},"line":5},"1":{"name":"(anonymous_1)","decl":{"start":{"line":7,"column":11},"end":{"line":7,"column":12}},"loc":{"start":{"line":7,"column":25},"end":{"line":9,"column":5}},"line":7}},"branchMap":{},"s":{"0":1,"1":1,"2":1,"3":1,"4":1,"5":76,"6":1},"f":{"0":1,"1":76},"b":{},"inputSourceMap":{"mappings":";;AAAA;AAAA;AAWA,YACO,YAAA;IAAA;WAAA,cAAA;eAA0C,GAA1C","sources":["../../.spago/ordered-collections/v1.6.1/src/Data/Map.purs"],"names":[],"version":3,"file":"index.js"},"_coverageSchema":"1a1c01bbd47fc00a2c39e90264f33305004495a9","hash":"2fdd06aa60b3201720712b4fef0407e87d648c75","contentHash":"d1c7d92b92403bc073aa6d0a75e687620ef3e2693d04dd9fef65e1ad375b4bb0"},"/Users/joel/Workspace/purescript-huffman/output/Test.Huffman.Occurances/index.js":{"path":"/Users/joel/Workspace/purescript-huffman/output/Test.Huffman.Occurances/index.js","statementMap":{"0":{"start":{"line":3,"column":20},"end":{"line":3,"column":56}},"1":{"start":{"line":4,"column":24},"end":{"line":4,"column":64}},"2":{"start":{"line":5,"column":17},"end":{"line":5,"column":50}},"3":{"start":{"line":6,"column":25},"end":{"line":6,"column":66}},"4":{"start":{"line":7,"column":21},"end":{"line":7,"column":58}},"5":{"start":{"line":8,"column":18},"end":{"line":8,"column":52}},"6":{"start":{"line":9,"column":21},"end":{"line":26,"column":1}},"7":{"start":{"line":10,"column":4},"end":{"line":13,"column":9}},"8":{"start":{"line":14,"column":4},"end":{"line":17,"column":9}},"9":{"start":{"line":18,"column":4},"end":{"line":21,"column":9}},"10":{"start":{"line":22,"column":4},"end":{"line":25,"column":9}},"11":{"start":{"line":27,"column":0},"end":{"line":29,"column":2}}},"fnMap":{"0":{"name":"__do","decl":{"start":{"line":9,"column":30},"end":{"line":9,"column":34}},"loc":{"start":{"line":9,"column":37},"end":{"line":26,"column":1}},"line":9}},"branchMap":{},"s":{"0":1,"1":1,"2":1,"3":1,"4":1,"5":1,"6":1,"7":1,"8":1,"9":1,"10":1,"11":1},"f":{"0":1},"b":{},"inputSourceMap":{"mappings":";;AAAA;AAAA;AAAA;AAAA;AAAA;AAAA;AAUA,qBAEE;gGACE;mDAA0B;;;gGAI1B;mDAA0B;4EACU,KAAY;;gGAGhD;mDAA0B;sIAIhB,uBAAS,KAAY,yBACZ,KAAY;;uGAI/B;mDAA0B;sIAIhB,uBAAS,KAAY,yBACZ,KAAY","sources":["../../test/Huffman/Occurances.purs"],"names":[],"version":3,"file":"index.js"},"_coverageSchema":"1a1c01bbd47fc00a2c39e90264f33305004495a9","hash":"f0726cb73cdcbbb6a233bbfb9cfc49ce41a55373","contentHash":"f49a5221a5327916b8387ba6da7bbec7f4244b245b163588372fc76503871392"},"/Users/joel/Workspace/purescript-huffman/output/Test.Huffman.Symbol/index.js":{"path":"/Users/joel/Workspace/purescript-huffman/output/Test.Huffman.Symbol/index.js","statementMap":{"0":{"start":{"line":3,"column":14},"end":{"line":3,"column":44}},"1":{"start":{"line":4,"column":16},"end":{"line":4,"column":48}},"2":{"start":{"line":5,"column":21},"end":{"line":5,"column":58}},"3":{"start":{"line":6,"column":18},"end":{"line":6,"column":52}},"4":{"start":{"line":7,"column":17},"end":{"line":10,"column":2}},"5":{"start":{"line":11,"column":0},"end":{"line":13,"column":2}}},"fnMap":{},"branchMap":{},"s":{"0":1,"1":1,"2":1,"3":1,"4":1,"5":1},"f":{},"b":{},"inputSourceMap":{"mappings":";;AAAA;AAAA;AAAA;AAAA;AAOA,iFAGI;sDAAiB;cACL","sources":["../../test/Huffman/Symbol.purs"],"names":[],"version":3,"file":"index.js"},"_coverageSchema":"1a1c01bbd47fc00a2c39e90264f33305004495a9","hash":"94214a5f541458aecd0468f3957008a265a987e0","contentHash":"cefdcd5cdfcdef1b3e896a337022e744ce405caf5790adbaa0c77e99d47b8ffe"},"/Users/joel/Workspace/purescript-huffman/output/Test.Huffman.Tree/index.js":{"path":"/Users/joel/Workspace/purescript-huffman/output/Test.Huffman.Tree/index.js","statementMap":{"0":{"start":{"line":3,"column":14},"end":{"line":3,"column":44}},"1":{"start":{"line":4,"column":16},"end":{"line":4,"column":48}},"2":{"start":{"line":5,"column":25},"end":{"line":5,"column":66}},"3":{"start":{"line":6,"column":19},"end":{"line":6,"column":54}},"4":{"start":{"line":7,"column":22},"end":{"line":7,"column":60}},"5":{"start":{"line":8,"column":18},"end":{"line":8,"column":52}},"6":{"start":{"line":9,"column":11},"end":{"line":11,"column":1}},"7":{"start":{"line":10,"column":4},"end":{"line":10,"column":108}},"8":{"start":{"line":12,"column":15},"end":{"line":37,"column":1}},"9":{"start":{"line":13,"column":4},"end":{"line":16,"column":9}},"10":{"start":{"line":17,"column":4},"end":{"line":20,"column":9}},"11":{"start":{"line":21,"column":4},"end":{"line":24,"column":9}},"12":{"start":{"line":25,"column":4},"end":{"line":28,"column":9}},"13":{"start":{"line":29,"column":4},"end":{"line":32,"column":9}},"14":{"start":{"line":33,"column":4},"end":{"line":36,"column":9}},"15":{"start":{"line":38,"column":0},"end":{"line":41,"column":2}}},"fnMap":{"0":{"name":"(anonymous_0)","decl":{"start":{"line":9,"column":11},"end":{"line":9,"column":12}},"loc":{"start":{"line":9,"column":25},"end":{"line":11,"column":1}},"line":9},"1":{"name":"__do","decl":{"start":{"line":12,"column":24},"end":{"line":12,"column":28}},"loc":{"start":{"line":12,"column":31},"end":{"line":37,"column":1}},"line":12}},"branchMap":{},"s":{"0":1,"1":1,"2":1,"3":1,"4":1,"5":1,"6":1,"7":5,"8":1,"9":1,"10":1,"11":1,"12":1,"13":1,"14":1,"15":1},"f":{"0":5,"1":1},"b":{},"inputSourceMap":{"mappings":";;AAAA;AAAA;AAAA;AAAA;AAAA;AAAA;AAUA,WACO,cAAA;sGAAA;;AAEP,eAEE;oEACE;mFAGU,wBAAQ,KAAY,4BACZ,KAAY,QAEpB;kBACE;;sFAGZ;gBAAU,KAAK;wCACE,MAAG;;sFAGpB;gBAAU,KAAK;wCACE,wBAAQ,KAAY,QAAM;;sFAG3C;gBAAU,KAAK;wCAGT,wBAAQ,KAAY,4BACZ,KAAY,QAEpB;;sFAGN;gBAAU,KAAK;wCAGT,wBACI,wBAAQ,KAAY,6BACZ,KAAY,SAEpB,4BACI,KAAY,QAEpB;;6FAGN;gBAAU,KAAK;wCAGT,wBACI,wBACI,wBAAQ,KAAY,8BACZ,KAAY,UAEpB,6BAEA,wBAAQ,KAAY,8BACZ,KAAY,UAEpB,SAEJ,4BAEA,wBACI,wBAAQ,KAAY,8BACZ,KAAY,UAEpB,6BAEA,wBAAQ,KAAY,8BACZ,KAAY,UAEpB,SAEJ,QAEJ","sources":["../../test/Huffman/Tree.purs"],"names":[],"version":3,"file":"index.js"},"_coverageSchema":"1a1c01bbd47fc00a2c39e90264f33305004495a9","hash":"d3e02c75aa320332f462db1ab9f3e0fdc86871ae","contentHash":"f245f925ca1517f7f6b18a83feb2ecde119d470e3af3e03b363007b92d6516bd"},"/Users/joel/Workspace/purescript-huffman/output/Test.Huffman.Weights/index.js":{"path":"/Users/joel/Workspace/purescript-huffman/output/Test.Huffman.Weights/index.js","statementMap":{"0":{"start":{"line":3,"column":20},"end":{"line":3,"column":56}},"1":{"start":{"line":4,"column":24},"end":{"line":4,"column":64}},"2":{"start":{"line":5,"column":17},"end":{"line":5,"column":50}},"3":{"start":{"line":6,"column":25},"end":{"line":6,"column":66}},"4":{"start":{"line":7,"column":21},"end":{"line":7,"column":58}},"5":{"start":{"line":8,"column":22},"end":{"line":8,"column":60}},"6":{"start":{"line":9,"column":18},"end":{"line":9,"column":52}},"7":{"start":{"line":10,"column":14},"end":{"line":12,"column":1}},"8":{"start":{"line":11,"column":4},"end":{"line":11,"column":82}},"9":{"start":{"line":13,"column":18},"end":{"line":16,"column":2}},"10":{"start":{"line":17,"column":0},"end":{"line":20,"column":2}}},"fnMap":{"0":{"name":"(anonymous_0)","decl":{"start":{"line":10,"column":14},"end":{"line":10,"column":15}},"loc":{"start":{"line":10,"column":28},"end":{"line":12,"column":1}},"line":10}},"branchMap":{},"s":{"0":1,"1":1,"2":1,"3":1,"4":1,"5":1,"6":1,"7":1,"8":1,"9":1,"10":1},"f":{"0":1},"b":{},"inputSourceMap":{"mappings":";;AAAA;AAAA;AAAA;AAAA;AAAA;AAAA;AAAA;AAWA,cACU,cAAA;6EAAA;;AAEV,kGAGI;YAAU,QAAU;4HAIV,uBAAS,KAAY,2BACZ,KAAY","sources":["../../test/Huffman/Weights.purs"],"names":[],"version":3,"file":"index.js"},"_coverageSchema":"1a1c01bbd47fc00a2c39e90264f33305004495a9","hash":"bedad89eb6387d7014b966e041fcb45548abd637","contentHash":"68da6e541e4fb58eb151a32d9b6690fe70813efc80f20f831dee4f75bd7499e6"},"/Users/joel/Workspace/purescript-huffman/output/Test.Utilities.Strings/index.js":{"path":"/Users/joel/Workspace/purescript-huffman/output/Test.Utilities.Strings/index.js","statementMap":{"0":{"start":{"line":3,"column":14},"end":{"line":3,"column":44}},"1":{"start":{"line":4,"column":20},"end":{"line":4,"column":56}},"2":{"start":{"line":5,"column":16},"end":{"line":5,"column":48}},"3":{"start":{"line":6,"column":18},"end":{"line":6,"column":52}},"4":{"start":{"line":7,"column":24},"end":{"line":7,"column":64}},"5":{"start":{"line":8,"column":18},"end":{"line":37,"column":1}},"6":{"start":{"line":9,"column":4},"end":{"line":12,"column":9}},"7":{"start":{"line":13,"column":4},"end":{"line":16,"column":9}},"8":{"start":{"line":17,"column":4},"end":{"line":20,"column":9}},"9":{"start":{"line":21,"column":4},"end":{"line":24,"column":9}},"10":{"start":{"line":25,"column":4},"end":{"line":28,"column":9}},"11":{"start":{"line":29,"column":4},"end":{"line":32,"column":9}},"12":{"start":{"line":33,"column":4},"end":{"line":36,"column":9}},"13":{"start":{"line":38,"column":0},"end":{"line":40,"column":2}}},"fnMap":{"0":{"name":"__do","decl":{"start":{"line":8,"column":27},"end":{"line":8,"column":31}},"loc":{"start":{"line":8,"column":34},"end":{"line":37,"column":1}},"line":8}},"branchMap":{},"s":{"0":1,"1":1,"2":1,"3":1,"4":1,"5":1,"6":1,"7":1,"8":1,"9":1,"10":1,"11":1,"12":1,"13":1},"f":{"0":1},"b":{},"inputSourceMap":{"mappings":";;AAAA;AAAA;AAAA;AAAA;AAAA;AAOA,kBAEE;oEACE;0CAAkB,KAAI;kBACV;;oEAGZ;0CAAkB,KAAI;kBACV;;oEAGZ;0CAAkB,KAAI;kBACV;;oEAGZ;4CAAoB,KAAI;kBACZ;;oEAGZ;4CAAoB,KAAI;kBACZ;;oEAGZ;4CAAoB,KAAI;kBACZ;;2EAGZ;2FAAmB,MAAK,EAAE,GAAG,GAAG;kBACpB","sources":["../../test/Utilities/Strings.purs"],"names":[],"version":3,"file":"index.js"},"_coverageSchema":"1a1c01bbd47fc00a2c39e90264f33305004495a9","hash":"5c5a0a71c9a158da2d37d6e834515fec5f021d40","contentHash":"7bfbb0006a8a6b2721d179b715cd1759736476dcbda1fa174c134945af1180f9"}}